{"/Users/felix/Projects/t/web/src/components/AppShell.tsx": {"path":"/Users/felix/Projects/t/web/src/components/AppShell.tsx","all":false,"statementMap":{"0":{"start":{"line":1,"column":0},"end":{"line":1,"column":51}},"1":{"start":{"line":2,"column":0},"end":{"line":2,"column":44}},"2":{"start":{"line":3,"column":0},"end":{"line":3,"column":55}},"4":{"start":{"line":5,"column":0},"end":{"line":5,"column":39}},"5":{"start":{"line":6,"column":0},"end":{"line":6,"column":49}},"6":{"start":{"line":7,"column":0},"end":{"line":7,"column":46}},"7":{"start":{"line":8,"column":0},"end":{"line":8,"column":46}},"9":{"start":{"line":10,"column":0},"end":{"line":10,"column":38}},"11":{"start":{"line":12,"column":0},"end":{"line":12,"column":37}},"12":{"start":{"line":13,"column":0},"end":{"line":13,"column":66}},"13":{"start":{"line":14,"column":0},"end":{"line":14,"column":1}},"15":{"start":{"line":16,"column":0},"end":{"line":16,"column":26}},"16":{"start":{"line":17,"column":0},"end":{"line":17,"column":10}},"17":{"start":{"line":18,"column":0},"end":{"line":18,"column":12}},"18":{"start":{"line":19,"column":0},"end":{"line":19,"column":4}},"21":{"start":{"line":22,"column":0},"end":{"line":22,"column":4}},"22":{"start":{"line":23,"column":0},"end":{"line":23,"column":54}},"23":{"start":{"line":24,"column":0},"end":{"line":24,"column":66}},"24":{"start":{"line":25,"column":0},"end":{"line":25,"column":33}},"25":{"start":{"line":26,"column":0},"end":{"line":26,"column":61}},"26":{"start":{"line":27,"column":0},"end":{"line":27,"column":56}},"27":{"start":{"line":28,"column":0},"end":{"line":28,"column":27}},"30":{"start":{"line":31,"column":0},"end":{"line":31,"column":19}},"31":{"start":{"line":32,"column":0},"end":{"line":32,"column":25}},"32":{"start":{"line":33,"column":0},"end":{"line":33,"column":17}},"34":{"start":{"line":35,"column":0},"end":{"line":35,"column":19}},"35":{"start":{"line":36,"column":0},"end":{"line":36,"column":32}},"36":{"start":{"line":37,"column":0},"end":{"line":37,"column":18}},"37":{"start":{"line":38,"column":0},"end":{"line":38,"column":41}},"38":{"start":{"line":39,"column":0},"end":{"line":39,"column":6}},"39":{"start":{"line":40,"column":0},"end":{"line":40,"column":20}},"41":{"start":{"line":42,"column":0},"end":{"line":42,"column":19}},"42":{"start":{"line":43,"column":0},"end":{"line":43,"column":22}},"43":{"start":{"line":44,"column":0},"end":{"line":44,"column":13}},"44":{"start":{"line":45,"column":0},"end":{"line":45,"column":5}},"45":{"start":{"line":46,"column":0},"end":{"line":46,"column":46}},"46":{"start":{"line":47,"column":0},"end":{"line":47,"column":35}},"47":{"start":{"line":48,"column":0},"end":{"line":48,"column":29}},"48":{"start":{"line":49,"column":0},"end":{"line":49,"column":7}},"49":{"start":{"line":50,"column":0},"end":{"line":50,"column":5}},"50":{"start":{"line":51,"column":0},"end":{"line":51,"column":50}},"51":{"start":{"line":52,"column":0},"end":{"line":52,"column":66}},"52":{"start":{"line":53,"column":0},"end":{"line":53,"column":19}},"54":{"start":{"line":55,"column":0},"end":{"line":55,"column":46}},"55":{"start":{"line":56,"column":0},"end":{"line":56,"column":65}},"56":{"start":{"line":57,"column":0},"end":{"line":57,"column":3}},"58":{"start":{"line":59,"column":0},"end":{"line":59,"column":10}},"59":{"start":{"line":60,"column":0},"end":{"line":60,"column":92}},"60":{"start":{"line":61,"column":0},"end":{"line":61,"column":22}},"61":{"start":{"line":62,"column":0},"end":{"line":62,"column":16}},"62":{"start":{"line":63,"column":0},"end":{"line":63,"column":69}},"63":{"start":{"line":64,"column":0},"end":{"line":64,"column":27}},"64":{"start":{"line":65,"column":0},"end":{"line":65,"column":31}},"65":{"start":{"line":66,"column":0},"end":{"line":66,"column":50}},"66":{"start":{"line":67,"column":0},"end":{"line":67,"column":10}},"68":{"start":{"line":69,"column":0},"end":{"line":69,"column":15}},"69":{"start":{"line":70,"column":0},"end":{"line":70,"column":23}},"70":{"start":{"line":71,"column":0},"end":{"line":71,"column":27}},"71":{"start":{"line":72,"column":0},"end":{"line":72,"column":22}},"72":{"start":{"line":73,"column":0},"end":{"line":73,"column":46}},"73":{"start":{"line":74,"column":0},"end":{"line":74,"column":421}},"75":{"start":{"line":76,"column":0},"end":{"line":76,"column":47}},"76":{"start":{"line":77,"column":0},"end":{"line":77,"column":17}},"79":{"start":{"line":80,"column":0},"end":{"line":80,"column":193}},"80":{"start":{"line":81,"column":0},"end":{"line":81,"column":20}},"81":{"start":{"line":82,"column":0},"end":{"line":82,"column":15}},"82":{"start":{"line":83,"column":0},"end":{"line":83,"column":23}},"83":{"start":{"line":84,"column":0},"end":{"line":84,"column":27}},"84":{"start":{"line":85,"column":0},"end":{"line":85,"column":36}},"85":{"start":{"line":86,"column":0},"end":{"line":86,"column":319}},"86":{"start":{"line":87,"column":0},"end":{"line":87,"column":45}},"88":{"start":{"line":89,"column":0},"end":{"line":89,"column":38}},"89":{"start":{"line":90,"column":0},"end":{"line":90,"column":17}},"90":{"start":{"line":91,"column":0},"end":{"line":91,"column":15}},"92":{"start":{"line":93,"column":0},"end":{"line":93,"column":21}},"93":{"start":{"line":94,"column":0},"end":{"line":94,"column":54}},"94":{"start":{"line":95,"column":0},"end":{"line":95,"column":17}},"95":{"start":{"line":96,"column":0},"end":{"line":96,"column":25}},"96":{"start":{"line":97,"column":0},"end":{"line":97,"column":29}},"97":{"start":{"line":98,"column":0},"end":{"line":98,"column":89}},"98":{"start":{"line":99,"column":0},"end":{"line":99,"column":48}},"99":{"start":{"line":100,"column":0},"end":{"line":100,"column":12}},"100":{"start":{"line":101,"column":0},"end":{"line":101,"column":14}},"101":{"start":{"line":102,"column":0},"end":{"line":102,"column":25}},"102":{"start":{"line":103,"column":0},"end":{"line":103,"column":29}},"103":{"start":{"line":104,"column":0},"end":{"line":104,"column":27}},"104":{"start":{"line":105,"column":0},"end":{"line":105,"column":96}},"106":{"start":{"line":107,"column":0},"end":{"line":107,"column":20}},"107":{"start":{"line":108,"column":0},"end":{"line":108,"column":39}},"108":{"start":{"line":109,"column":0},"end":{"line":109,"column":53}},"109":{"start":{"line":110,"column":0},"end":{"line":110,"column":31}},"110":{"start":{"line":111,"column":0},"end":{"line":111,"column":35}},"111":{"start":{"line":112,"column":0},"end":{"line":112,"column":14}},"112":{"start":{"line":113,"column":0},"end":{"line":113,"column":16}},"113":{"start":{"line":114,"column":0},"end":{"line":114,"column":14}},"114":{"start":{"line":115,"column":0},"end":{"line":115,"column":15}},"116":{"start":{"line":117,"column":0},"end":{"line":117,"column":61}},"117":{"start":{"line":118,"column":0},"end":{"line":118,"column":18}},"118":{"start":{"line":119,"column":0},"end":{"line":119,"column":13}},"119":{"start":{"line":120,"column":0},"end":{"line":120,"column":76}},"120":{"start":{"line":121,"column":0},"end":{"line":121,"column":10}},"122":{"start":{"line":123,"column":0},"end":{"line":123,"column":1}}},"s":{"0":1,"1":1,"2":1,"4":1,"5":1,"6":1,"7":1,"9":1,"11":1,"12":1,"13":1,"15":1,"16":1,"17":1,"18":1,"21":1,"22":1,"23":1,"24":1,"25":1,"26":1,"27":1,"30":1,"31":1,"32":1,"34":1,"35":1,"36":1,"37":1,"38":1,"39":1,"41":1,"42":1,"43":1,"44":1,"45":0,"46":0,"47":0,"48":0,"49":0,"50":0,"51":0,"52":1,"54":1,"55":0,"56":0,"58":1,"59":1,"60":1,"61":1,"62":1,"63":1,"64":1,"65":1,"66":1,"68":0,"69":0,"70":0,"71":0,"72":0,"73":0,"75":0,"76":0,"79":1,"80":1,"81":1,"82":1,"83":1,"84":1,"85":1,"86":1,"88":1,"89":1,"90":1,"92":1,"93":0,"94":0,"95":0,"96":0,"97":0,"98":0,"99":0,"100":0,"101":0,"102":0,"103":0,"104":0,"106":0,"107":0,"108":0,"109":0,"110":0,"111":0,"112":0,"113":0,"114":1,"116":1,"117":1,"118":1,"119":1,"120":1,"122":1},"branchMap":{"0":{"type":"branch","line":12,"loc":{"start":{"line":12,"column":0},"end":{"line":14,"column":1}},"locations":[{"start":{"line":12,"column":0},"end":{"line":14,"column":1}}]},"1":{"type":"branch","line":16,"loc":{"start":{"line":16,"column":7},"end":{"line":123,"column":1}},"locations":[{"start":{"line":16,"column":7},"end":{"line":123,"column":1}}]},"2":{"type":"branch","line":67,"loc":{"start":{"line":67,"column":8},"end":{"line":77,"column":17}},"locations":[{"start":{"line":67,"column":8},"end":{"line":77,"column":17}}]},"3":{"type":"branch","line":93,"loc":{"start":{"line":93,"column":7},"end":{"line":114,"column":14}},"locations":[{"start":{"line":93,"column":7},"end":{"line":114,"column":14}}]},"4":{"type":"branch","line":117,"loc":{"start":{"line":117,"column":37},"end":{"line":117,"column":61}},"locations":[{"start":{"line":117,"column":37},"end":{"line":117,"column":61}}]},"5":{"type":"branch","line":120,"loc":{"start":{"line":120,"column":66},"end":{"line":120,"column":76}},"locations":[{"start":{"line":120,"column":66},"end":{"line":120,"column":76}}]},"6":{"type":"branch","line":31,"loc":{"start":{"line":31,"column":12},"end":{"line":33,"column":5}},"locations":[{"start":{"line":31,"column":12},"end":{"line":33,"column":5}}]},"7":{"type":"branch","line":35,"loc":{"start":{"line":35,"column":12},"end":{"line":40,"column":5}},"locations":[{"start":{"line":35,"column":12},"end":{"line":40,"column":5}}]},"8":{"type":"branch","line":38,"loc":{"start":{"line":38,"column":20},"end":{"line":38,"column":41}},"locations":[{"start":{"line":38,"column":20},"end":{"line":38,"column":41}}]},"9":{"type":"branch","line":42,"loc":{"start":{"line":42,"column":12},"end":{"line":53,"column":5}},"locations":[{"start":{"line":42,"column":12},"end":{"line":53,"column":5}}]},"10":{"type":"branch","line":45,"loc":{"start":{"line":45,"column":4},"end":{"line":52,"column":66}},"locations":[{"start":{"line":45,"column":4},"end":{"line":52,"column":66}}]}},"b":{"0":[1],"1":[1],"2":[0],"3":[0],"4":[0],"5":[0],"6":[1],"7":[1],"8":[0],"9":[1],"10":[0]},"fnMap":{"0":{"name":"readSidebarOpen","decl":{"start":{"line":12,"column":0},"end":{"line":14,"column":1}},"loc":{"start":{"line":12,"column":0},"end":{"line":14,"column":1}},"line":12},"1":{"name":"AppShell","decl":{"start":{"line":16,"column":7},"end":{"line":123,"column":1}},"loc":{"start":{"line":16,"column":7},"end":{"line":123,"column":1}},"line":16},"2":{"name":"onKeyDown","decl":{"start":{"line":46,"column":4},"end":{"line":50,"column":5}},"loc":{"start":{"line":46,"column":4},"end":{"line":50,"column":5}},"line":46},"3":{"name":"handleCapture","decl":{"start":{"line":55,"column":2},"end":{"line":57,"column":3}},"loc":{"start":{"line":55,"column":2},"end":{"line":57,"column":3}},"line":55},"4":{"name":"onCollapse","decl":{"start":{"line":66,"column":22},"end":{"line":66,"column":50}},"loc":{"start":{"line":66,"column":22},"end":{"line":66,"column":50}},"line":66},"5":{"name":"onClick","decl":{"start":{"line":73,"column":19},"end":{"line":73,"column":46}},"loc":{"start":{"line":73,"column":19},"end":{"line":73,"column":46}},"line":73},"6":{"name":"onClick","decl":{"start":{"line":87,"column":19},"end":{"line":87,"column":45}},"loc":{"start":{"line":87,"column":19},"end":{"line":87,"column":45}},"line":87},"7":{"name":"onClick","decl":{"start":{"line":99,"column":21},"end":{"line":99,"column":48}},"loc":{"start":{"line":99,"column":21},"end":{"line":99,"column":48}},"line":99},"8":{"name":"onNavigate","decl":{"start":{"line":109,"column":26},"end":{"line":109,"column":53}},"loc":{"start":{"line":109,"column":26},"end":{"line":109,"column":53}},"line":109}},"f":{"0":1,"1":1,"2":0,"3":0,"4":0,"5":0,"6":0,"7":0,"8":0}}
,"/Users/felix/Projects/t/web/src/components/CalendarView.tsx": {"path":"/Users/felix/Projects/t/web/src/components/CalendarView.tsx","all":false,"statementMap":{"0":{"start":{"line":1,"column":0},"end":{"line":1,"column":40}},"2":{"start":{"line":3,"column":0},"end":{"line":3,"column":39}},"4":{"start":{"line":5,"column":0},"end":{"line":5,"column":53}},"6":{"start":{"line":7,"column":0},"end":{"line":7,"column":20}},"7":{"start":{"line":8,"column":0},"end":{"line":8,"column":15}},"8":{"start":{"line":9,"column":0},"end":{"line":9,"column":16}},"9":{"start":{"line":10,"column":0},"end":{"line":10,"column":36}},"10":{"start":{"line":11,"column":0},"end":{"line":11,"column":18}},"11":{"start":{"line":12,"column":0},"end":{"line":12,"column":41}},"12":{"start":{"line":13,"column":0},"end":{"line":13,"column":3}},"13":{"start":{"line":14,"column":0},"end":{"line":14,"column":19}},"14":{"start":{"line":15,"column":0},"end":{"line":15,"column":40}},"15":{"start":{"line":16,"column":0},"end":{"line":16,"column":3}},"16":{"start":{"line":17,"column":0},"end":{"line":17,"column":25}},"17":{"start":{"line":18,"column":0},"end":{"line":18,"column":1}},"19":{"start":{"line":20,"column":0},"end":{"line":20,"column":72}},"20":{"start":{"line":21,"column":0},"end":{"line":21,"column":62}},"21":{"start":{"line":22,"column":0},"end":{"line":22,"column":46}},"22":{"start":{"line":23,"column":0},"end":{"line":23,"column":1}},"35":{"start":{"line":36,"column":0},"end":{"line":36,"column":30}},"36":{"start":{"line":37,"column":0},"end":{"line":37,"column":7}},"37":{"start":{"line":38,"column":0},"end":{"line":38,"column":8}},"38":{"start":{"line":39,"column":0},"end":{"line":39,"column":8}},"39":{"start":{"line":40,"column":0},"end":{"line":40,"column":15}},"40":{"start":{"line":41,"column":0},"end":{"line":41,"column":8}},"41":{"start":{"line":42,"column":0},"end":{"line":42,"column":9}},"42":{"start":{"line":43,"column":0},"end":{"line":43,"column":13}},"43":{"start":{"line":44,"column":0},"end":{"line":44,"column":23}},"44":{"start":{"line":45,"column":0},"end":{"line":45,"column":43}},"45":{"start":{"line":46,"column":0},"end":{"line":46,"column":43}},"47":{"start":{"line":48,"column":0},"end":{"line":48,"column":10}},"48":{"start":{"line":49,"column":0},"end":{"line":49,"column":76}},"49":{"start":{"line":50,"column":0},"end":{"line":50,"column":119}},"50":{"start":{"line":51,"column":0},"end":{"line":51,"column":101}},"51":{"start":{"line":52,"column":0},"end":{"line":52,"column":15}},"52":{"start":{"line":53,"column":0},"end":{"line":53,"column":49}},"53":{"start":{"line":54,"column":0},"end":{"line":54,"column":109}},"54":{"start":{"line":55,"column":0},"end":{"line":55,"column":11}},"55":{"start":{"line":56,"column":0},"end":{"line":56,"column":39}},"56":{"start":{"line":57,"column":0},"end":{"line":57,"column":17}},"57":{"start":{"line":58,"column":0},"end":{"line":58,"column":133}},"58":{"start":{"line":59,"column":0},"end":{"line":59,"column":27}},"59":{"start":{"line":60,"column":0},"end":{"line":60,"column":15}},"60":{"start":{"line":61,"column":0},"end":{"line":61,"column":15}},"61":{"start":{"line":62,"column":0},"end":{"line":62,"column":49}},"62":{"start":{"line":63,"column":0},"end":{"line":63,"column":133}},"64":{"start":{"line":65,"column":0},"end":{"line":65,"column":39}},"65":{"start":{"line":66,"column":0},"end":{"line":66,"column":17}},"66":{"start":{"line":67,"column":0},"end":{"line":67,"column":14}},"68":{"start":{"line":69,"column":0},"end":{"line":69,"column":101}},"69":{"start":{"line":70,"column":0},"end":{"line":70,"column":34}},"70":{"start":{"line":71,"column":0},"end":{"line":71,"column":44}},"71":{"start":{"line":72,"column":0},"end":{"line":72,"column":19}},"72":{"start":{"line":73,"column":0},"end":{"line":73,"column":18}},"73":{"start":{"line":74,"column":0},"end":{"line":74,"column":13}},"74":{"start":{"line":75,"column":0},"end":{"line":75,"column":14}},"76":{"start":{"line":77,"column":0},"end":{"line":77,"column":48}},"77":{"start":{"line":78,"column":0},"end":{"line":78,"column":44}},"78":{"start":{"line":79,"column":0},"end":{"line":79,"column":29}},"80":{"start":{"line":81,"column":0},"end":{"line":81,"column":44}},"82":{"start":{"line":83,"column":0},"end":{"line":83,"column":22}},"83":{"start":{"line":84,"column":0},"end":{"line":84,"column":26}},"84":{"start":{"line":85,"column":0},"end":{"line":85,"column":27}},"85":{"start":{"line":86,"column":0},"end":{"line":86,"column":41}},"86":{"start":{"line":87,"column":0},"end":{"line":87,"column":40}},"87":{"start":{"line":88,"column":0},"end":{"line":88,"column":50}},"88":{"start":{"line":89,"column":0},"end":{"line":89,"column":27}},"89":{"start":{"line":90,"column":0},"end":{"line":90,"column":29}},"90":{"start":{"line":91,"column":0},"end":{"line":91,"column":16}},"92":{"start":{"line":93,"column":0},"end":{"line":93,"column":12}},"93":{"start":{"line":94,"column":0},"end":{"line":94,"column":14}},"94":{"start":{"line":95,"column":0},"end":{"line":95,"column":16}},"96":{"start":{"line":97,"column":0},"end":{"line":97,"column":117}},"97":{"start":{"line":98,"column":0},"end":{"line":98,"column":25}},"98":{"start":{"line":99,"column":0},"end":{"line":99,"column":12}},"99":{"start":{"line":100,"column":0},"end":{"line":100,"column":86}},"100":{"start":{"line":101,"column":0},"end":{"line":101,"column":28}},"101":{"start":{"line":102,"column":0},"end":{"line":102,"column":17}},"102":{"start":{"line":103,"column":0},"end":{"line":103,"column":40}},"103":{"start":{"line":104,"column":0},"end":{"line":104,"column":70}},"105":{"start":{"line":106,"column":0},"end":{"line":106,"column":18}},"107":{"start":{"line":108,"column":0},"end":{"line":108,"column":40}},"108":{"start":{"line":109,"column":0},"end":{"line":109,"column":43}},"109":{"start":{"line":110,"column":0},"end":{"line":110,"column":36}},"110":{"start":{"line":111,"column":0},"end":{"line":111,"column":25}},"111":{"start":{"line":112,"column":0},"end":{"line":112,"column":48}},"112":{"start":{"line":113,"column":0},"end":{"line":113,"column":101}},"114":{"start":{"line":115,"column":0},"end":{"line":115,"column":59}},"115":{"start":{"line":116,"column":0},"end":{"line":116,"column":27}},"116":{"start":{"line":117,"column":0},"end":{"line":117,"column":23}},"117":{"start":{"line":118,"column":0},"end":{"line":118,"column":19}},"118":{"start":{"line":119,"column":0},"end":{"line":119,"column":19}},"120":{"start":{"line":121,"column":0},"end":{"line":121,"column":13}},"122":{"start":{"line":123,"column":0},"end":{"line":123,"column":66}},"124":{"start":{"line":125,"column":0},"end":{"line":125,"column":14}},"126":{"start":{"line":127,"column":0},"end":{"line":127,"column":14}},"127":{"start":{"line":128,"column":0},"end":{"line":128,"column":10}},"129":{"start":{"line":130,"column":0},"end":{"line":130,"column":1}},"140":{"start":{"line":141,"column":0},"end":{"line":141,"column":18}},"141":{"start":{"line":142,"column":0},"end":{"line":142,"column":7}},"142":{"start":{"line":143,"column":0},"end":{"line":143,"column":8}},"143":{"start":{"line":144,"column":0},"end":{"line":144,"column":10}},"144":{"start":{"line":145,"column":0},"end":{"line":145,"column":13}},"145":{"start":{"line":146,"column":0},"end":{"line":146,"column":7}},"146":{"start":{"line":147,"column":0},"end":{"line":147,"column":8}},"147":{"start":{"line":148,"column":0},"end":{"line":148,"column":18}},"148":{"start":{"line":149,"column":0},"end":{"line":149,"column":36}},"149":{"start":{"line":150,"column":0},"end":{"line":150,"column":14}},"150":{"start":{"line":151,"column":0},"end":{"line":151,"column":122}},"151":{"start":{"line":152,"column":0},"end":{"line":152,"column":26}},"152":{"start":{"line":153,"column":0},"end":{"line":153,"column":103}},"153":{"start":{"line":154,"column":0},"end":{"line":154,"column":15}},"154":{"start":{"line":155,"column":0},"end":{"line":155,"column":113}},"155":{"start":{"line":156,"column":0},"end":{"line":156,"column":103}},"157":{"start":{"line":158,"column":0},"end":{"line":158,"column":10}},"158":{"start":{"line":159,"column":0},"end":{"line":159,"column":75}},"159":{"start":{"line":160,"column":0},"end":{"line":160,"column":11}},"160":{"start":{"line":161,"column":0},"end":{"line":161,"column":19}},"161":{"start":{"line":162,"column":0},"end":{"line":162,"column":32}},"162":{"start":{"line":163,"column":0},"end":{"line":163,"column":58}},"163":{"start":{"line":164,"column":0},"end":{"line":164,"column":16}},"166":{"start":{"line":167,"column":0},"end":{"line":167,"column":13}},"167":{"start":{"line":168,"column":0},"end":{"line":168,"column":13}},"168":{"start":{"line":169,"column":0},"end":{"line":169,"column":20}},"169":{"start":{"line":170,"column":0},"end":{"line":170,"column":13}},"170":{"start":{"line":171,"column":0},"end":{"line":171,"column":56}},"171":{"start":{"line":172,"column":0},"end":{"line":172,"column":22}},"172":{"start":{"line":173,"column":0},"end":{"line":173,"column":43}},"173":{"start":{"line":174,"column":0},"end":{"line":174,"column":46}},"174":{"start":{"line":175,"column":0},"end":{"line":175,"column":13}},"175":{"start":{"line":176,"column":0},"end":{"line":176,"column":10}},"176":{"start":{"line":177,"column":0},"end":{"line":177,"column":15}},"177":{"start":{"line":178,"column":0},"end":{"line":178,"column":11}},"179":{"start":{"line":180,"column":0},"end":{"line":180,"column":1}}},"s":{"0":1,"2":1,"4":1,"6":4,"7":4,"8":4,"9":4,"10":4,"11":0,"12":0,"13":4,"14":0,"15":0,"16":4,"17":4,"19":64,"20":64,"21":64,"22":64,"35":1,"36":2,"37":2,"38":2,"39":2,"40":2,"41":2,"42":2,"43":2,"44":2,"45":2,"47":2,"48":2,"49":2,"50":2,"51":2,"52":2,"53":2,"54":2,"55":2,"56":2,"57":2,"58":2,"59":2,"60":2,"61":2,"62":2,"64":2,"65":2,"66":2,"68":2,"69":2,"70":14,"71":14,"72":14,"73":2,"74":2,"76":2,"77":2,"78":70,"80":10,"82":60,"83":60,"84":60,"85":60,"86":60,"87":60,"88":60,"89":60,"90":60,"92":2,"93":2,"94":2,"96":2,"97":2,"98":2,"99":2,"100":2,"101":2,"102":2,"103":1,"105":1,"107":1,"108":1,"109":1,"110":1,"111":1,"112":1,"114":1,"115":1,"116":1,"117":1,"118":1,"120":2,"122":0,"124":0,"126":2,"127":2,"129":2,"140":60,"141":60,"142":60,"143":60,"144":60,"145":60,"146":60,"147":60,"148":60,"149":60,"150":60,"151":60,"152":2,"153":58,"154":0,"155":58,"157":60,"158":60,"159":60,"160":60,"161":60,"162":0,"163":60,"166":60,"167":60,"168":60,"169":1,"170":1,"171":1,"172":1,"173":0,"174":1,"175":1,"176":59,"177":60,"179":60},"branchMap":{"0":{"type":"branch","line":7,"loc":{"start":{"line":7,"column":0},"end":{"line":18,"column":1}},"locations":[{"start":{"line":7,"column":0},"end":{"line":18,"column":1}}]},"1":{"type":"branch","line":11,"loc":{"start":{"line":11,"column":17},"end":{"line":13,"column":3}},"locations":[{"start":{"line":11,"column":17},"end":{"line":13,"column":3}}]},"2":{"type":"branch","line":14,"loc":{"start":{"line":14,"column":18},"end":{"line":16,"column":3}},"locations":[{"start":{"line":14,"column":18},"end":{"line":16,"column":3}}]},"3":{"type":"branch","line":20,"loc":{"start":{"line":20,"column":0},"end":{"line":23,"column":1}},"locations":[{"start":{"line":20,"column":0},"end":{"line":23,"column":1}}]},"4":{"type":"branch","line":22,"loc":{"start":{"line":22,"column":9},"end":{"line":22,"column":41}},"locations":[{"start":{"line":22,"column":9},"end":{"line":22,"column":41}}]},"5":{"type":"branch","line":22,"loc":{"start":{"line":22,"column":36},"end":{"line":22,"column":46}},"locations":[{"start":{"line":22,"column":36},"end":{"line":22,"column":46}}]},"6":{"type":"branch","line":36,"loc":{"start":{"line":36,"column":7},"end":{"line":130,"column":1}},"locations":[{"start":{"line":36,"column":7},"end":{"line":130,"column":1}}]},"7":{"type":"branch","line":103,"loc":{"start":{"line":103,"column":35},"end":{"line":106,"column":18}},"locations":[{"start":{"line":103,"column":35},"end":{"line":106,"column":18}}]},"8":{"type":"branch","line":106,"loc":{"start":{"line":106,"column":14},"end":{"line":119,"column":19}},"locations":[{"start":{"line":106,"column":14},"end":{"line":119,"column":19}}]},"9":{"type":"branch","line":121,"loc":{"start":{"line":121,"column":10},"end":{"line":125,"column":14}},"locations":[{"start":{"line":121,"column":10},"end":{"line":125,"column":14}}]},"10":{"type":"branch","line":70,"loc":{"start":{"line":70,"column":24},"end":{"line":73,"column":18}},"locations":[{"start":{"line":70,"column":24},"end":{"line":73,"column":18}}]},"11":{"type":"branch","line":78,"loc":{"start":{"line":78,"column":28},"end":{"line":91,"column":16}},"locations":[{"start":{"line":78,"column":28},"end":{"line":91,"column":16}}]},"12":{"type":"branch","line":79,"loc":{"start":{"line":79,"column":21},"end":{"line":81,"column":44}},"locations":[{"start":{"line":79,"column":21},"end":{"line":81,"column":44}}]},"13":{"type":"branch","line":81,"loc":{"start":{"line":81,"column":42},"end":{"line":91,"column":16}},"locations":[{"start":{"line":81,"column":42},"end":{"line":91,"column":16}}]},"14":{"type":"branch","line":86,"loc":{"start":{"line":86,"column":34},"end":{"line":86,"column":41}},"locations":[{"start":{"line":86,"column":34},"end":{"line":86,"column":41}}]},"15":{"type":"branch","line":109,"loc":{"start":{"line":109,"column":32},"end":{"line":117,"column":23}},"locations":[{"start":{"line":109,"column":32},"end":{"line":117,"column":23}}]},"16":{"type":"branch","line":115,"loc":{"start":{"line":115,"column":47},"end":{"line":115,"column":59}},"locations":[{"start":{"line":115,"column":47},"end":{"line":115,"column":59}}]},"17":{"type":"branch","line":141,"loc":{"start":{"line":141,"column":0},"end":{"line":180,"column":1}},"locations":[{"start":{"line":141,"column":0},"end":{"line":180,"column":1}}]},"18":{"type":"branch","line":152,"loc":{"start":{"line":152,"column":16},"end":{"line":153,"column":103}},"locations":[{"start":{"line":152,"column":16},"end":{"line":153,"column":103}}]},"19":{"type":"branch","line":153,"loc":{"start":{"line":153,"column":6},"end":{"line":156,"column":103}},"locations":[{"start":{"line":153,"column":6},"end":{"line":156,"column":103}}]},"20":{"type":"branch","line":154,"loc":{"start":{"line":154,"column":14},"end":{"line":155,"column":113}},"locations":[{"start":{"line":154,"column":14},"end":{"line":155,"column":113}}]},"21":{"type":"branch","line":162,"loc":{"start":{"line":162,"column":10},"end":{"line":162,"column":32}},"locations":[{"start":{"line":162,"column":10},"end":{"line":162,"column":32}}]},"22":{"type":"branch","line":162,"loc":{"start":{"line":162,"column":22},"end":{"line":163,"column":58}},"locations":[{"start":{"line":162,"column":22},"end":{"line":163,"column":58}}]},"23":{"type":"branch","line":169,"loc":{"start":{"line":169,"column":15},"end":{"line":176,"column":10}},"locations":[{"start":{"line":169,"column":15},"end":{"line":176,"column":10}}]},"24":{"type":"branch","line":173,"loc":{"start":{"line":173,"column":16},"end":{"line":174,"column":46}},"locations":[{"start":{"line":173,"column":16},"end":{"line":174,"column":46}}]},"25":{"type":"branch","line":176,"loc":{"start":{"line":176,"column":8},"end":{"line":177,"column":15}},"locations":[{"start":{"line":176,"column":8},"end":{"line":177,"column":15}}]}},"b":{"0":[4],"1":[0],"2":[0],"3":[64],"4":[60],"5":[4],"6":[2],"7":[1],"8":[1],"9":[0],"10":[14],"11":[70],"12":[10],"13":[60],"14":[59],"15":[1],"16":[0],"17":[60],"18":[2],"19":[58],"20":[0],"21":[2],"22":[0],"23":[1],"24":[0],"25":[59]},"fnMap":{"0":{"name":"clampMonth","decl":{"start":{"line":7,"column":0},"end":{"line":18,"column":1}},"loc":{"start":{"line":7,"column":0},"end":{"line":18,"column":1}},"line":7},"1":{"name":"monthHref","decl":{"start":{"line":20,"column":0},"end":{"line":23,"column":1}},"loc":{"start":{"line":20,"column":0},"end":{"line":23,"column":1}},"line":20},"2":{"name":"CalendarView","decl":{"start":{"line":36,"column":7},"end":{"line":130,"column":1}},"loc":{"start":{"line":36,"column":7},"end":{"line":130,"column":1}},"line":36},"3":{"name":"DayCell","decl":{"start":{"line":141,"column":0},"end":{"line":180,"column":1}},"loc":{"start":{"line":141,"column":0},"end":{"line":180,"column":1}},"line":141}},"f":{"0":4,"1":64,"2":2,"3":60}}
,"/Users/felix/Projects/t/web/src/components/EntryCard.tsx": {"path":"/Users/felix/Projects/t/web/src/components/EntryCard.tsx","all":false,"statementMap":{"1":{"start":{"line":2,"column":0},"end":{"line":2,"column":53}},"3":{"start":{"line":4,"column":0},"end":{"line":4,"column":39}},"4":{"start":{"line":5,"column":0},"end":{"line":5,"column":48}},"5":{"start":{"line":6,"column":0},"end":{"line":6,"column":36}},"7":{"start":{"line":8,"column":0},"end":{"line":8,"column":67}},"8":{"start":{"line":9,"column":0},"end":{"line":9,"column":10}},"9":{"start":{"line":10,"column":0},"end":{"line":10,"column":32}},"10":{"start":{"line":11,"column":0},"end":{"line":11,"column":19}},"11":{"start":{"line":12,"column":0},"end":{"line":12,"column":69}},"12":{"start":{"line":13,"column":0},"end":{"line":13,"column":14}},"14":{"start":{"line":15,"column":0},"end":{"line":15,"column":1}},"17":{"start":{"line":18,"column":0},"end":{"line":18,"column":27}},"18":{"start":{"line":19,"column":0},"end":{"line":19,"column":7}},"19":{"start":{"line":20,"column":0},"end":{"line":20,"column":26}},"20":{"start":{"line":21,"column":0},"end":{"line":21,"column":4}},"23":{"start":{"line":24,"column":0},"end":{"line":24,"column":4}},"24":{"start":{"line":25,"column":0},"end":{"line":25,"column":33}},"25":{"start":{"line":26,"column":0},"end":{"line":26,"column":50}},"26":{"start":{"line":27,"column":0},"end":{"line":27,"column":55}},"27":{"start":{"line":28,"column":0},"end":{"line":28,"column":43}},"28":{"start":{"line":29,"column":0},"end":{"line":29,"column":50}},"30":{"start":{"line":31,"column":0},"end":{"line":31,"column":25}},"31":{"start":{"line":32,"column":0},"end":{"line":32,"column":25}},"32":{"start":{"line":33,"column":0},"end":{"line":33,"column":3}},"34":{"start":{"line":35,"column":0},"end":{"line":35,"column":60}},"35":{"start":{"line":36,"column":0},"end":{"line":36,"column":70}},"36":{"start":{"line":37,"column":0},"end":{"line":37,"column":13}},"37":{"start":{"line":38,"column":0},"end":{"line":38,"column":5}},"38":{"start":{"line":39,"column":0},"end":{"line":39,"column":17}},"39":{"start":{"line":40,"column":0},"end":{"line":40,"column":3}},"41":{"start":{"line":42,"column":0},"end":{"line":42,"column":65}},"42":{"start":{"line":43,"column":0},"end":{"line":43,"column":73}},"43":{"start":{"line":44,"column":0},"end":{"line":44,"column":13}},"44":{"start":{"line":45,"column":0},"end":{"line":45,"column":5}},"45":{"start":{"line":46,"column":0},"end":{"line":46,"column":53}},"46":{"start":{"line":47,"column":0},"end":{"line":47,"column":29}},"47":{"start":{"line":48,"column":0},"end":{"line":48,"column":19}},"48":{"start":{"line":49,"column":0},"end":{"line":49,"column":5}},"49":{"start":{"line":50,"column":0},"end":{"line":50,"column":3}},"51":{"start":{"line":52,"column":0},"end":{"line":52,"column":10}},"52":{"start":{"line":53,"column":0},"end":{"line":53,"column":12}},"53":{"start":{"line":54,"column":0},"end":{"line":54,"column":84}},"54":{"start":{"line":55,"column":0},"end":{"line":55,"column":49}},"55":{"start":{"line":56,"column":0},"end":{"line":56,"column":48}},"56":{"start":{"line":57,"column":0},"end":{"line":57,"column":65}},"57":{"start":{"line":58,"column":0},"end":{"line":58,"column":61}},"58":{"start":{"line":59,"column":0},"end":{"line":59,"column":65}},"60":{"start":{"line":61,"column":0},"end":{"line":61,"column":79}},"61":{"start":{"line":62,"column":0},"end":{"line":62,"column":48}},"62":{"start":{"line":63,"column":0},"end":{"line":63,"column":65}},"63":{"start":{"line":64,"column":0},"end":{"line":64,"column":50}},"64":{"start":{"line":65,"column":0},"end":{"line":65,"column":29}},"65":{"start":{"line":66,"column":0},"end":{"line":66,"column":16}},"66":{"start":{"line":67,"column":0},"end":{"line":67,"column":57}},"67":{"start":{"line":68,"column":0},"end":{"line":68,"column":17}},"68":{"start":{"line":69,"column":0},"end":{"line":69,"column":17}},"69":{"start":{"line":70,"column":0},"end":{"line":70,"column":12}},"70":{"start":{"line":71,"column":0},"end":{"line":71,"column":82}},"71":{"start":{"line":72,"column":0},"end":{"line":72,"column":28}},"72":{"start":{"line":73,"column":0},"end":{"line":73,"column":82}},"73":{"start":{"line":74,"column":0},"end":{"line":74,"column":21}},"74":{"start":{"line":75,"column":0},"end":{"line":75,"column":17}},"76":{"start":{"line":77,"column":0},"end":{"line":77,"column":60}},"77":{"start":{"line":78,"column":0},"end":{"line":78,"column":21}},"78":{"start":{"line":79,"column":0},"end":{"line":79,"column":17}},"80":{"start":{"line":81,"column":0},"end":{"line":81,"column":11}},"81":{"start":{"line":82,"column":0},"end":{"line":82,"column":14}},"83":{"start":{"line":84,"column":0},"end":{"line":84,"column":1}}},"s":{"1":1,"3":1,"4":1,"5":1,"7":1,"8":1,"9":1,"10":1,"11":1,"12":1,"14":1,"17":1,"18":8,"19":8,"20":8,"23":8,"24":8,"25":8,"26":8,"27":8,"28":8,"30":8,"31":1,"32":1,"34":8,"35":1,"36":0,"37":0,"38":1,"39":1,"41":8,"42":0,"43":0,"44":0,"45":0,"46":0,"47":0,"48":0,"49":0,"51":8,"52":8,"53":8,"54":8,"55":8,"56":8,"57":8,"58":8,"60":8,"61":8,"62":8,"63":8,"64":8,"65":0,"66":0,"67":0,"68":8,"69":8,"70":8,"71":8,"72":7,"73":7,"74":7,"76":1,"77":1,"78":1,"80":8,"81":8,"83":8},"branchMap":{"0":{"type":"branch","line":8,"loc":{"start":{"line":8,"column":0},"end":{"line":15,"column":1}},"locations":[{"start":{"line":8,"column":0},"end":{"line":15,"column":1}}]},"1":{"type":"branch","line":18,"loc":{"start":{"line":18,"column":7},"end":{"line":84,"column":1}},"locations":[{"start":{"line":18,"column":7},"end":{"line":84,"column":1}}]},"2":{"type":"branch","line":29,"loc":{"start":{"line":29,"column":38},"end":{"line":29,"column":50}},"locations":[{"start":{"line":29,"column":38},"end":{"line":29,"column":50}}]},"3":{"type":"branch","line":54,"loc":{"start":{"line":54,"column":35},"end":{"line":54,"column":79}},"locations":[{"start":{"line":54,"column":35},"end":{"line":54,"column":79}}]},"4":{"type":"branch","line":54,"loc":{"start":{"line":54,"column":53},"end":{"line":54,"column":81}},"locations":[{"start":{"line":54,"column":53},"end":{"line":54,"column":81}}]},"5":{"type":"branch","line":55,"loc":{"start":{"line":55,"column":12},"end":{"line":55,"column":39}},"locations":[{"start":{"line":55,"column":12},"end":{"line":55,"column":39}}]},"6":{"type":"branch","line":55,"loc":{"start":{"line":55,"column":30},"end":{"line":55,"column":49}},"locations":[{"start":{"line":55,"column":30},"end":{"line":55,"column":49}}]},"7":{"type":"branch","line":56,"loc":{"start":{"line":56,"column":16},"end":{"line":56,"column":38}},"locations":[{"start":{"line":56,"column":16},"end":{"line":56,"column":38}}]},"8":{"type":"branch","line":56,"loc":{"start":{"line":56,"column":34},"end":{"line":56,"column":48}},"locations":[{"start":{"line":56,"column":34},"end":{"line":56,"column":48}}]},"9":{"type":"branch","line":57,"loc":{"start":{"line":57,"column":18},"end":{"line":57,"column":55}},"locations":[{"start":{"line":57,"column":18},"end":{"line":57,"column":55}}]},"10":{"type":"branch","line":57,"loc":{"start":{"line":57,"column":48},"end":{"line":57,"column":65}},"locations":[{"start":{"line":57,"column":48},"end":{"line":57,"column":65}}]},"11":{"type":"branch","line":58,"loc":{"start":{"line":58,"column":15},"end":{"line":58,"column":51}},"locations":[{"start":{"line":58,"column":15},"end":{"line":58,"column":51}}]},"12":{"type":"branch","line":58,"loc":{"start":{"line":58,"column":33},"end":{"line":58,"column":61}},"locations":[{"start":{"line":58,"column":33},"end":{"line":58,"column":61}}]},"13":{"type":"branch","line":59,"loc":{"start":{"line":59,"column":17},"end":{"line":59,"column":55}},"locations":[{"start":{"line":59,"column":17},"end":{"line":59,"column":55}}]},"14":{"type":"branch","line":59,"loc":{"start":{"line":59,"column":35},"end":{"line":59,"column":65}},"locations":[{"start":{"line":59,"column":35},"end":{"line":59,"column":65}}]},"15":{"type":"branch","line":63,"loc":{"start":{"line":63,"column":9},"end":{"line":63,"column":60}},"locations":[{"start":{"line":63,"column":9},"end":{"line":63,"column":60}}]},"16":{"type":"branch","line":63,"loc":{"start":{"line":63,"column":50},"end":{"line":63,"column":65}},"locations":[{"start":{"line":63,"column":50},"end":{"line":63,"column":65}}]},"17":{"type":"branch","line":64,"loc":{"start":{"line":64,"column":14},"end":{"line":64,"column":45}},"locations":[{"start":{"line":64,"column":14},"end":{"line":64,"column":45}}]},"18":{"type":"branch","line":65,"loc":{"start":{"line":65,"column":24},"end":{"line":68,"column":17}},"locations":[{"start":{"line":65,"column":24},"end":{"line":68,"column":17}}]},"19":{"type":"branch","line":72,"loc":{"start":{"line":72,"column":9},"end":{"line":75,"column":17}},"locations":[{"start":{"line":72,"column":9},"end":{"line":75,"column":17}}]},"20":{"type":"branch","line":75,"loc":{"start":{"line":75,"column":10},"end":{"line":79,"column":17}},"locations":[{"start":{"line":75,"column":10},"end":{"line":79,"column":17}}]},"21":{"type":"branch","line":31,"loc":{"start":{"line":31,"column":2},"end":{"line":33,"column":3}},"locations":[{"start":{"line":31,"column":2},"end":{"line":33,"column":3}}]},"22":{"type":"branch","line":35,"loc":{"start":{"line":35,"column":2},"end":{"line":40,"column":3}},"locations":[{"start":{"line":35,"column":2},"end":{"line":40,"column":3}}]},"23":{"type":"branch","line":36,"loc":{"start":{"line":36,"column":69},"end":{"line":38,"column":5}},"locations":[{"start":{"line":36,"column":69},"end":{"line":38,"column":5}}]}},"b":{"0":[1],"1":[8],"2":[1],"3":[7],"4":[1],"5":[7],"6":[1],"7":[7],"8":[1],"9":[7],"10":[1],"11":[7],"12":[1],"13":[7],"14":[1],"15":[1],"16":[7],"17":[0],"18":[0],"19":[7],"20":[1],"21":[1],"22":[1],"23":[0]},"fnMap":{"0":{"name":"isInteractiveTarget","decl":{"start":{"line":8,"column":0},"end":{"line":15,"column":1}},"loc":{"start":{"line":8,"column":0},"end":{"line":15,"column":1}},"line":8},"1":{"name":"EntryCard","decl":{"start":{"line":18,"column":7},"end":{"line":84,"column":1}},"loc":{"start":{"line":18,"column":7},"end":{"line":84,"column":1}},"line":18},"2":{"name":"openDetail","decl":{"start":{"line":31,"column":2},"end":{"line":33,"column":3}},"loc":{"start":{"line":31,"column":2},"end":{"line":33,"column":3}},"line":31},"3":{"name":"handleCardClick","decl":{"start":{"line":35,"column":2},"end":{"line":40,"column":3}},"loc":{"start":{"line":35,"column":2},"end":{"line":40,"column":3}},"line":35},"4":{"name":"handleCardKeyDown","decl":{"start":{"line":42,"column":2},"end":{"line":50,"column":3}},"loc":{"start":{"line":42,"column":2},"end":{"line":50,"column":3}},"line":42}},"f":{"0":1,"1":8,"2":1,"3":1,"4":0}}
,"/Users/felix/Projects/t/web/src/components/EntryComposer.tsx": {"path":"/Users/felix/Projects/t/web/src/components/EntryComposer.tsx","all":false,"statementMap":{"0":{"start":{"line":1,"column":0},"end":{"line":1,"column":33}},"1":{"start":{"line":2,"column":0},"end":{"line":2,"column":39}},"3":{"start":{"line":4,"column":0},"end":{"line":4,"column":50}},"4":{"start":{"line":5,"column":0},"end":{"line":5,"column":73}},"17":{"start":{"line":18,"column":0},"end":{"line":18,"column":31}},"18":{"start":{"line":19,"column":0},"end":{"line":19,"column":18}},"19":{"start":{"line":20,"column":0},"end":{"line":20,"column":22}},"20":{"start":{"line":21,"column":0},"end":{"line":21,"column":19}},"21":{"start":{"line":22,"column":0},"end":{"line":22,"column":21}},"22":{"start":{"line":23,"column":0},"end":{"line":23,"column":11}},"23":{"start":{"line":24,"column":0},"end":{"line":24,"column":11}},"24":{"start":{"line":25,"column":0},"end":{"line":25,"column":11}},"25":{"start":{"line":26,"column":0},"end":{"line":26,"column":24}},"26":{"start":{"line":27,"column":0},"end":{"line":27,"column":57}},"27":{"start":{"line":28,"column":0},"end":{"line":28,"column":77}},"28":{"start":{"line":29,"column":0},"end":{"line":29,"column":42}},"29":{"start":{"line":30,"column":0},"end":{"line":30,"column":41}},"30":{"start":{"line":31,"column":0},"end":{"line":31,"column":43}},"32":{"start":{"line":33,"column":0},"end":{"line":33,"column":33}},"33":{"start":{"line":34,"column":0},"end":{"line":34,"column":26}},"34":{"start":{"line":35,"column":0},"end":{"line":35,"column":28}},"35":{"start":{"line":36,"column":0},"end":{"line":36,"column":13}},"36":{"start":{"line":37,"column":0},"end":{"line":37,"column":5}},"37":{"start":{"line":38,"column":0},"end":{"line":38,"column":18}},"38":{"start":{"line":39,"column":0},"end":{"line":39,"column":17}},"39":{"start":{"line":40,"column":0},"end":{"line":40,"column":18}},"40":{"start":{"line":41,"column":0},"end":{"line":41,"column":9}},"41":{"start":{"line":42,"column":0},"end":{"line":42,"column":45}},"42":{"start":{"line":43,"column":0},"end":{"line":43,"column":30}},"43":{"start":{"line":44,"column":0},"end":{"line":44,"column":23}},"44":{"start":{"line":45,"column":0},"end":{"line":45,"column":33}},"45":{"start":{"line":46,"column":0},"end":{"line":46,"column":25}},"46":{"start":{"line":47,"column":0},"end":{"line":47,"column":7}},"47":{"start":{"line":48,"column":0},"end":{"line":48,"column":21}},"48":{"start":{"line":49,"column":0},"end":{"line":49,"column":64}},"49":{"start":{"line":50,"column":0},"end":{"line":50,"column":15}},"50":{"start":{"line":51,"column":0},"end":{"line":51,"column":21}},"51":{"start":{"line":52,"column":0},"end":{"line":52,"column":5}},"52":{"start":{"line":53,"column":0},"end":{"line":53,"column":3}},"54":{"start":{"line":55,"column":0},"end":{"line":55,"column":10}},"55":{"start":{"line":56,"column":0},"end":{"line":56,"column":31}},"56":{"start":{"line":57,"column":0},"end":{"line":57,"column":72}},"58":{"start":{"line":59,"column":0},"end":{"line":59,"column":14}},"59":{"start":{"line":60,"column":0},"end":{"line":60,"column":21}},"60":{"start":{"line":61,"column":0},"end":{"line":61,"column":27}},"61":{"start":{"line":62,"column":0},"end":{"line":62,"column":64}},"62":{"start":{"line":63,"column":0},"end":{"line":63,"column":46}},"63":{"start":{"line":64,"column":0},"end":{"line":64,"column":10}},"64":{"start":{"line":65,"column":0},"end":{"line":65,"column":14}},"66":{"start":{"line":67,"column":0},"end":{"line":67,"column":21}},"67":{"start":{"line":68,"column":0},"end":{"line":68,"column":23}},"68":{"start":{"line":69,"column":0},"end":{"line":69,"column":29}},"69":{"start":{"line":70,"column":0},"end":{"line":70,"column":27}},"70":{"start":{"line":71,"column":0},"end":{"line":71,"column":8}},"72":{"start":{"line":73,"column":0},"end":{"line":73,"column":16}},"73":{"start":{"line":74,"column":0},"end":{"line":74,"column":73}},"74":{"start":{"line":75,"column":0},"end":{"line":75,"column":15}},"75":{"start":{"line":76,"column":0},"end":{"line":76,"column":17}},"76":{"start":{"line":77,"column":0},"end":{"line":77,"column":76}},"77":{"start":{"line":78,"column":0},"end":{"line":78,"column":15}},"79":{"start":{"line":80,"column":0},"end":{"line":80,"column":46}},"80":{"start":{"line":81,"column":0},"end":{"line":81,"column":21}},"81":{"start":{"line":82,"column":0},"end":{"line":82,"column":17}},"82":{"start":{"line":83,"column":0},"end":{"line":83,"column":25}},"83":{"start":{"line":84,"column":0},"end":{"line":84,"column":30}},"84":{"start":{"line":85,"column":0},"end":{"line":85,"column":41}},"85":{"start":{"line":86,"column":0},"end":{"line":86,"column":11}},"87":{"start":{"line":88,"column":0},"end":{"line":88,"column":19}},"88":{"start":{"line":89,"column":0},"end":{"line":89,"column":17}},"89":{"start":{"line":90,"column":0},"end":{"line":90,"column":15}},"90":{"start":{"line":91,"column":0},"end":{"line":91,"column":23}},"91":{"start":{"line":92,"column":0},"end":{"line":92,"column":32}},"92":{"start":{"line":93,"column":0},"end":{"line":93,"column":25}},"93":{"start":{"line":94,"column":0},"end":{"line":94,"column":62}},"95":{"start":{"line":96,"column":0},"end":{"line":96,"column":39}},"96":{"start":{"line":97,"column":0},"end":{"line":97,"column":17}},"97":{"start":{"line":98,"column":0},"end":{"line":98,"column":12}},"98":{"start":{"line":99,"column":0},"end":{"line":99,"column":10}},"100":{"start":{"line":101,"column":0},"end":{"line":101,"column":1}}},"s":{"0":1,"1":1,"3":1,"4":1,"17":1,"18":22,"19":22,"20":22,"21":22,"22":22,"23":22,"24":22,"25":22,"26":22,"27":22,"28":22,"29":22,"30":22,"32":22,"33":3,"34":1,"35":1,"36":1,"37":2,"38":2,"39":2,"40":2,"41":2,"42":2,"43":2,"44":2,"45":2,"46":2,"47":3,"48":0,"49":3,"50":2,"51":2,"52":3,"54":22,"55":22,"56":22,"58":22,"59":22,"60":22,"61":22,"62":22,"63":22,"64":22,"66":22,"67":22,"68":22,"69":22,"70":22,"72":22,"73":7,"74":15,"75":22,"76":2,"77":20,"79":22,"80":22,"81":0,"82":0,"83":0,"84":0,"85":0,"87":0,"88":22,"89":22,"90":22,"91":22,"92":22,"93":22,"95":22,"96":22,"97":22,"98":22,"100":22},"branchMap":{"0":{"type":"branch","line":18,"loc":{"start":{"line":18,"column":7},"end":{"line":101,"column":1}},"locations":[{"start":{"line":18,"column":7},"end":{"line":101,"column":1}}]},"1":{"type":"branch","line":73,"loc":{"start":{"line":73,"column":7},"end":{"line":74,"column":73}},"locations":[{"start":{"line":73,"column":7},"end":{"line":74,"column":73}}]},"2":{"type":"branch","line":74,"loc":{"start":{"line":74,"column":69},"end":{"line":75,"column":15}},"locations":[{"start":{"line":74,"column":69},"end":{"line":75,"column":15}}]},"3":{"type":"branch","line":76,"loc":{"start":{"line":76,"column":7},"end":{"line":77,"column":76}},"locations":[{"start":{"line":76,"column":7},"end":{"line":77,"column":76}}]},"4":{"type":"branch","line":77,"loc":{"start":{"line":77,"column":72},"end":{"line":78,"column":15}},"locations":[{"start":{"line":77,"column":72},"end":{"line":78,"column":15}}]},"5":{"type":"branch","line":81,"loc":{"start":{"line":81,"column":9},"end":{"line":88,"column":19}},"locations":[{"start":{"line":81,"column":9},"end":{"line":88,"column":19}}]},"6":{"type":"branch","line":96,"loc":{"start":{"line":96,"column":11},"end":{"line":96,"column":27}},"locations":[{"start":{"line":96,"column":11},"end":{"line":96,"column":27}}]},"7":{"type":"branch","line":96,"loc":{"start":{"line":96,"column":18},"end":{"line":96,"column":39}},"locations":[{"start":{"line":96,"column":18},"end":{"line":96,"column":39}}]},"8":{"type":"branch","line":33,"loc":{"start":{"line":33,"column":2},"end":{"line":53,"column":3}},"locations":[{"start":{"line":33,"column":2},"end":{"line":53,"column":3}}]},"9":{"type":"branch","line":34,"loc":{"start":{"line":34,"column":25},"end":{"line":47,"column":7}},"locations":[{"start":{"line":34,"column":25},"end":{"line":47,"column":7}}]},"10":{"type":"branch","line":34,"loc":{"start":{"line":34,"column":25},"end":{"line":37,"column":5}},"locations":[{"start":{"line":34,"column":25},"end":{"line":37,"column":5}}]},"11":{"type":"branch","line":48,"loc":{"start":{"line":48,"column":4},"end":{"line":50,"column":6}},"locations":[{"start":{"line":48,"column":4},"end":{"line":50,"column":6}}]},"12":{"type":"branch","line":50,"loc":{"start":{"line":50,"column":4},"end":{"line":52,"column":5}},"locations":[{"start":{"line":50,"column":4},"end":{"line":52,"column":5}}]}},"b":{"0":[22],"1":[7],"2":[15],"3":[2],"4":[20],"5":[0],"6":[2],"7":[20],"8":[3],"9":[2],"10":[1],"11":[0],"12":[2]},"fnMap":{"0":{"name":"EntryComposer","decl":{"start":{"line":18,"column":7},"end":{"line":101,"column":1}},"loc":{"start":{"line":18,"column":7},"end":{"line":101,"column":1}},"line":18},"1":{"name":"handleSubmit","decl":{"start":{"line":33,"column":2},"end":{"line":53,"column":3}},"loc":{"start":{"line":33,"column":2},"end":{"line":53,"column":3}},"line":33},"2":{"name":"onChange","decl":{"start":{"line":62,"column":20},"end":{"line":62,"column":64}},"loc":{"start":{"line":62,"column":20},"end":{"line":62,"column":64}},"line":62}},"f":{"0":22,"1":3,"2":0}}
,"/Users/felix/Projects/t/web/src/components/LocalDateTime.tsx": {"path":"/Users/felix/Projects/t/web/src/components/LocalDateTime.tsx","all":false,"statementMap":{"0":{"start":{"line":1,"column":0},"end":{"line":1,"column":35}},"7":{"start":{"line":8,"column":0},"end":{"line":8,"column":37}},"8":{"start":{"line":9,"column":0},"end":{"line":9,"column":91}},"9":{"start":{"line":10,"column":0},"end":{"line":10,"column":70}},"10":{"start":{"line":11,"column":0},"end":{"line":11,"column":1}},"13":{"start":{"line":14,"column":0},"end":{"line":14,"column":73}},"14":{"start":{"line":15,"column":0},"end":{"line":15,"column":63}},"15":{"start":{"line":16,"column":0},"end":{"line":16,"column":37}},"16":{"start":{"line":17,"column":0},"end":{"line":17,"column":16}},"17":{"start":{"line":18,"column":0},"end":{"line":18,"column":3}},"18":{"start":{"line":19,"column":0},"end":{"line":19,"column":10}},"19":{"start":{"line":20,"column":0},"end":{"line":20,"column":62}},"20":{"start":{"line":21,"column":0},"end":{"line":21,"column":20}},"21":{"start":{"line":22,"column":0},"end":{"line":22,"column":11}},"23":{"start":{"line":24,"column":0},"end":{"line":24,"column":1}}},"s":{"0":1,"7":12,"8":12,"9":12,"10":12,"13":1,"14":13,"15":13,"16":1,"17":1,"18":12,"19":12,"20":12,"21":12,"23":12},"branchMap":{"0":{"type":"branch","line":8,"loc":{"start":{"line":8,"column":0},"end":{"line":11,"column":1}},"locations":[{"start":{"line":8,"column":0},"end":{"line":11,"column":1}}]},"1":{"type":"branch","line":14,"loc":{"start":{"line":14,"column":7},"end":{"line":24,"column":1}},"locations":[{"start":{"line":14,"column":7},"end":{"line":24,"column":1}}]},"2":{"type":"branch","line":15,"loc":{"start":{"line":15,"column":32},"end":{"line":15,"column":47}},"locations":[{"start":{"line":15,"column":32},"end":{"line":15,"column":47}}]},"3":{"type":"branch","line":16,"loc":{"start":{"line":16,"column":36},"end":{"line":18,"column":3}},"locations":[{"start":{"line":16,"column":36},"end":{"line":18,"column":3}}]},"4":{"type":"branch","line":18,"loc":{"start":{"line":18,"column":2},"end":{"line":24,"column":1}},"locations":[{"start":{"line":18,"column":2},"end":{"line":24,"column":1}}]}},"b":{"0":[12],"1":[13],"2":[0],"3":[1],"4":[12]},"fnMap":{"0":{"name":"format","decl":{"start":{"line":8,"column":0},"end":{"line":11,"column":1}},"loc":{"start":{"line":8,"column":0},"end":{"line":11,"column":1}},"line":8},"1":{"name":"LocalDateTime","decl":{"start":{"line":14,"column":7},"end":{"line":24,"column":1}},"loc":{"start":{"line":14,"column":7},"end":{"line":24,"column":1}},"line":14}},"f":{"0":12,"1":13}}
,"/Users/felix/Projects/t/web/src/components/Markdown.tsx": {"path":"/Users/felix/Projects/t/web/src/components/Markdown.tsx","all":false,"statementMap":{"1":{"start":{"line":2,"column":0},"end":{"line":2,"column":43}},"2":{"start":{"line":3,"column":0},"end":{"line":3,"column":41}},"3":{"start":{"line":4,"column":0},"end":{"line":4,"column":35}},"12":{"start":{"line":13,"column":0},"end":{"line":13,"column":74}},"13":{"start":{"line":14,"column":0},"end":{"line":14,"column":10}},"14":{"start":{"line":15,"column":0},"end":{"line":15,"column":61}},"15":{"start":{"line":16,"column":0},"end":{"line":16,"column":16}},"16":{"start":{"line":17,"column":0},"end":{"line":17,"column":8}},"18":{"start":{"line":19,"column":0},"end":{"line":19,"column":1}},"20":{"start":{"line":21,"column":0},"end":{"line":21,"column":17}},"21":{"start":{"line":22,"column":0},"end":{"line":22,"column":427}},"23":{"start":{"line":24,"column":0},"end":{"line":24,"column":23}},"24":{"start":{"line":25,"column":0},"end":{"line":25,"column":36}},"25":{"start":{"line":26,"column":0},"end":{"line":26,"column":58}},"26":{"start":{"line":27,"column":0},"end":{"line":27,"column":2}},"33":{"start":{"line":34,"column":0},"end":{"line":34,"column":75}},"34":{"start":{"line":35,"column":0},"end":{"line":35,"column":10}},"35":{"start":{"line":36,"column":0},"end":{"line":36,"column":44}},"36":{"start":{"line":37,"column":0},"end":{"line":37,"column":20}},"37":{"start":{"line":38,"column":0},"end":{"line":38,"column":49}},"38":{"start":{"line":39,"column":0},"end":{"line":39,"column":40}},"40":{"start":{"line":41,"column":0},"end":{"line":41,"column":17}},"41":{"start":{"line":42,"column":0},"end":{"line":42,"column":22}},"42":{"start":{"line":43,"column":0},"end":{"line":43,"column":10}},"44":{"start":{"line":45,"column":0},"end":{"line":45,"column":1}}},"s":{"1":1,"2":1,"3":1,"12":1,"13":1,"14":1,"15":1,"16":1,"18":1,"20":1,"21":1,"23":1,"24":1,"25":1,"26":1,"33":1,"34":12,"35":12,"36":12,"37":12,"38":12,"40":12,"41":12,"42":12,"44":12},"branchMap":{"0":{"type":"branch","line":13,"loc":{"start":{"line":13,"column":0},"end":{"line":19,"column":1}},"locations":[{"start":{"line":13,"column":0},"end":{"line":19,"column":1}}]},"1":{"type":"branch","line":34,"loc":{"start":{"line":34,"column":7},"end":{"line":45,"column":1}},"locations":[{"start":{"line":34,"column":7},"end":{"line":45,"column":1}}]}},"b":{"0":[1],"1":[12]},"fnMap":{"0":{"name":"ExternalLink","decl":{"start":{"line":13,"column":0},"end":{"line":19,"column":1}},"loc":{"start":{"line":13,"column":0},"end":{"line":19,"column":1}},"line":13},"1":{"name":"Markdown","decl":{"start":{"line":34,"column":7},"end":{"line":45,"column":1}},"loc":{"start":{"line":34,"column":7},"end":{"line":45,"column":1}},"line":34}},"f":{"0":1,"1":12}}
,"/Users/felix/Projects/t/web/src/components/MarkdownEditor.tsx": {"path":"/Users/felix/Projects/t/web/src/components/MarkdownEditor.tsx","all":false,"statementMap":{"0":{"start":{"line":1,"column":0},"end":{"line":1,"column":57}},"2":{"start":{"line":3,"column":0},"end":{"line":3,"column":38}},"3":{"start":{"line":4,"column":0},"end":{"line":4,"column":56}},"12":{"start":{"line":13,"column":0},"end":{"line":13,"column":29}},"13":{"start":{"line":14,"column":0},"end":{"line":14,"column":6}},"14":{"start":{"line":15,"column":0},"end":{"line":15,"column":11}},"15":{"start":{"line":16,"column":0},"end":{"line":16,"column":10}},"16":{"start":{"line":17,"column":0},"end":{"line":17,"column":32}},"17":{"start":{"line":18,"column":0},"end":{"line":18,"column":78}},"18":{"start":{"line":19,"column":0},"end":{"line":19,"column":1}},"24":{"start":{"line":25,"column":0},"end":{"line":25,"column":32}},"25":{"start":{"line":26,"column":0},"end":{"line":26,"column":8}},"26":{"start":{"line":27,"column":0},"end":{"line":27,"column":11}},"27":{"start":{"line":28,"column":0},"end":{"line":28,"column":11}},"28":{"start":{"line":29,"column":0},"end":{"line":29,"column":28}},"29":{"start":{"line":30,"column":0},"end":{"line":30,"column":25}},"30":{"start":{"line":31,"column":0},"end":{"line":31,"column":48}},"31":{"start":{"line":32,"column":0},"end":{"line":32,"column":52}},"32":{"start":{"line":33,"column":0},"end":{"line":33,"column":58}},"33":{"start":{"line":34,"column":0},"end":{"line":34,"column":56}},"34":{"start":{"line":35,"column":0},"end":{"line":35,"column":49}},"35":{"start":{"line":36,"column":0},"end":{"line":36,"column":39}},"36":{"start":{"line":37,"column":0},"end":{"line":37,"column":33}},"38":{"start":{"line":39,"column":0},"end":{"line":39,"column":44}},"39":{"start":{"line":40,"column":0},"end":{"line":40,"column":41}},"40":{"start":{"line":41,"column":0},"end":{"line":41,"column":43}},"41":{"start":{"line":42,"column":0},"end":{"line":42,"column":61}},"42":{"start":{"line":43,"column":0},"end":{"line":43,"column":57}},"43":{"start":{"line":44,"column":0},"end":{"line":44,"column":69}},"44":{"start":{"line":45,"column":0},"end":{"line":45,"column":3}},"46":{"start":{"line":47,"column":0},"end":{"line":47,"column":56}},"47":{"start":{"line":48,"column":0},"end":{"line":48,"column":35}},"48":{"start":{"line":49,"column":0},"end":{"line":49,"column":28}},"49":{"start":{"line":50,"column":0},"end":{"line":50,"column":13}},"50":{"start":{"line":51,"column":0},"end":{"line":51,"column":5}},"51":{"start":{"line":52,"column":0},"end":{"line":52,"column":23}},"52":{"start":{"line":53,"column":0},"end":{"line":53,"column":19}},"53":{"start":{"line":54,"column":0},"end":{"line":54,"column":9}},"54":{"start":{"line":55,"column":0},"end":{"line":55,"column":24}},"55":{"start":{"line":56,"column":0},"end":{"line":56,"column":32}},"56":{"start":{"line":57,"column":0},"end":{"line":57,"column":46}},"57":{"start":{"line":58,"column":0},"end":{"line":58,"column":32}},"58":{"start":{"line":59,"column":0},"end":{"line":59,"column":55}},"59":{"start":{"line":60,"column":0},"end":{"line":60,"column":16}},"60":{"start":{"line":61,"column":0},"end":{"line":61,"column":51}},"61":{"start":{"line":62,"column":0},"end":{"line":62,"column":9}},"62":{"start":{"line":63,"column":0},"end":{"line":63,"column":7}},"63":{"start":{"line":64,"column":0},"end":{"line":64,"column":21}},"64":{"start":{"line":65,"column":0},"end":{"line":65,"column":33}},"65":{"start":{"line":66,"column":0},"end":{"line":66,"column":7}},"66":{"start":{"line":67,"column":0},"end":{"line":67,"column":21}},"67":{"start":{"line":68,"column":0},"end":{"line":68,"column":64}},"68":{"start":{"line":69,"column":0},"end":{"line":69,"column":15}},"69":{"start":{"line":70,"column":0},"end":{"line":70,"column":26}},"70":{"start":{"line":71,"column":0},"end":{"line":71,"column":28}},"71":{"start":{"line":72,"column":0},"end":{"line":72,"column":35}},"72":{"start":{"line":73,"column":0},"end":{"line":73,"column":7}},"73":{"start":{"line":74,"column":0},"end":{"line":74,"column":5}},"74":{"start":{"line":75,"column":0},"end":{"line":75,"column":3}},"76":{"start":{"line":77,"column":0},"end":{"line":77,"column":62}},"77":{"start":{"line":78,"column":0},"end":{"line":78,"column":48}},"78":{"start":{"line":79,"column":0},"end":{"line":79,"column":13}},"79":{"start":{"line":80,"column":0},"end":{"line":80,"column":5}},"80":{"start":{"line":81,"column":0},"end":{"line":81,"column":27}},"81":{"start":{"line":82,"column":0},"end":{"line":82,"column":47}},"82":{"start":{"line":83,"column":0},"end":{"line":83,"column":3}},"84":{"start":{"line":85,"column":0},"end":{"line":85,"column":10}},"85":{"start":{"line":86,"column":0},"end":{"line":86,"column":118}},"86":{"start":{"line":87,"column":0},"end":{"line":87,"column":137}},"87":{"start":{"line":88,"column":0},"end":{"line":88,"column":71}},"89":{"start":{"line":90,"column":0},"end":{"line":90,"column":20}},"90":{"start":{"line":91,"column":0},"end":{"line":91,"column":69}},"92":{"start":{"line":93,"column":0},"end":{"line":93,"column":20}},"93":{"start":{"line":94,"column":0},"end":{"line":94,"column":38}},"94":{"start":{"line":95,"column":0},"end":{"line":95,"column":17}},"95":{"start":{"line":96,"column":0},"end":{"line":96,"column":25}},"96":{"start":{"line":97,"column":0},"end":{"line":97,"column":52}},"97":{"start":{"line":98,"column":0},"end":{"line":98,"column":32}},"98":{"start":{"line":99,"column":0},"end":{"line":99,"column":41}},"100":{"start":{"line":101,"column":0},"end":{"line":101,"column":39}},"101":{"start":{"line":102,"column":0},"end":{"line":102,"column":19}},"102":{"start":{"line":103,"column":0},"end":{"line":103,"column":16}},"103":{"start":{"line":104,"column":0},"end":{"line":104,"column":25}},"104":{"start":{"line":105,"column":0},"end":{"line":105,"column":23}},"105":{"start":{"line":106,"column":0},"end":{"line":106,"column":20}},"106":{"start":{"line":107,"column":0},"end":{"line":107,"column":30}},"107":{"start":{"line":108,"column":0},"end":{"line":108,"column":34}},"108":{"start":{"line":109,"column":0},"end":{"line":109,"column":39}},"109":{"start":{"line":110,"column":0},"end":{"line":110,"column":53}},"110":{"start":{"line":111,"column":0},"end":{"line":111,"column":15}},"111":{"start":{"line":112,"column":0},"end":{"line":112,"column":14}},"112":{"start":{"line":113,"column":0},"end":{"line":113,"column":12}},"113":{"start":{"line":114,"column":0},"end":{"line":114,"column":14}},"114":{"start":{"line":115,"column":0},"end":{"line":115,"column":12}},"116":{"start":{"line":117,"column":0},"end":{"line":117,"column":15}},"117":{"start":{"line":118,"column":0},"end":{"line":118,"column":25}},"118":{"start":{"line":119,"column":0},"end":{"line":119,"column":21}},"119":{"start":{"line":120,"column":0},"end":{"line":120,"column":58}},"120":{"start":{"line":121,"column":0},"end":{"line":121,"column":27}},"121":{"start":{"line":122,"column":0},"end":{"line":122,"column":54}},"122":{"start":{"line":123,"column":0},"end":{"line":123,"column":33}},"123":{"start":{"line":124,"column":0},"end":{"line":124,"column":17}},"124":{"start":{"line":125,"column":0},"end":{"line":125,"column":124}},"125":{"start":{"line":126,"column":0},"end":{"line":126,"column":8}},"126":{"start":{"line":127,"column":0},"end":{"line":127,"column":18}},"127":{"start":{"line":128,"column":0},"end":{"line":128,"column":64}},"128":{"start":{"line":129,"column":0},"end":{"line":129,"column":27}},"129":{"start":{"line":130,"column":0},"end":{"line":130,"column":40}},"131":{"start":{"line":132,"column":0},"end":{"line":132,"column":68}},"133":{"start":{"line":134,"column":0},"end":{"line":134,"column":16}},"135":{"start":{"line":136,"column":0},"end":{"line":136,"column":14}},"136":{"start":{"line":137,"column":0},"end":{"line":137,"column":15}},"138":{"start":{"line":139,"column":0},"end":{"line":139,"column":16}},"139":{"start":{"line":140,"column":0},"end":{"line":140,"column":118}},"140":{"start":{"line":141,"column":0},"end":{"line":141,"column":17}},"141":{"start":{"line":142,"column":0},"end":{"line":142,"column":12}},"142":{"start":{"line":143,"column":0},"end":{"line":143,"column":15}},"143":{"start":{"line":144,"column":0},"end":{"line":144,"column":10}},"145":{"start":{"line":146,"column":0},"end":{"line":146,"column":1}},"153":{"start":{"line":154,"column":0},"end":{"line":154,"column":67}},"154":{"start":{"line":155,"column":0},"end":{"line":155,"column":10}},"155":{"start":{"line":156,"column":0},"end":{"line":156,"column":11}},"156":{"start":{"line":157,"column":0},"end":{"line":157,"column":19}},"157":{"start":{"line":158,"column":0},"end":{"line":158,"column":23}},"158":{"start":{"line":159,"column":0},"end":{"line":159,"column":54}},"159":{"start":{"line":160,"column":0},"end":{"line":160,"column":14}},"160":{"start":{"line":161,"column":0},"end":{"line":161,"column":86}},"161":{"start":{"line":162,"column":0},"end":{"line":162,"column":132}},"162":{"start":{"line":163,"column":0},"end":{"line":163,"column":9}},"164":{"start":{"line":165,"column":0},"end":{"line":165,"column":16}},"165":{"start":{"line":166,"column":0},"end":{"line":166,"column":13}},"167":{"start":{"line":168,"column":0},"end":{"line":168,"column":1}}},"s":{"0":1,"2":1,"3":1,"12":0,"13":0,"14":0,"15":0,"16":0,"17":0,"18":0,"24":1,"25":22,"26":22,"27":22,"28":22,"29":22,"30":22,"31":22,"32":22,"33":22,"34":22,"35":22,"36":22,"38":22,"39":0,"40":0,"41":0,"42":0,"43":0,"44":0,"46":22,"47":0,"48":0,"49":0,"50":0,"51":0,"52":0,"53":0,"54":0,"55":0,"56":0,"57":0,"58":0,"59":0,"60":0,"61":0,"62":0,"63":0,"64":0,"65":0,"66":0,"67":0,"68":0,"69":0,"70":0,"71":0,"72":0,"73":0,"74":0,"76":22,"77":0,"78":0,"79":0,"80":0,"81":0,"82":0,"84":22,"85":22,"86":22,"87":22,"89":22,"90":22,"92":22,"93":22,"94":22,"95":22,"96":22,"97":22,"98":22,"100":22,"101":22,"102":22,"103":22,"104":22,"105":22,"106":22,"107":22,"108":0,"109":0,"110":0,"111":0,"112":22,"113":22,"114":22,"116":22,"117":22,"118":22,"119":22,"120":22,"121":22,"122":22,"123":22,"124":22,"125":22,"126":22,"127":0,"128":0,"129":0,"131":0,"133":0,"135":0,"136":22,"138":22,"139":0,"140":0,"141":0,"142":22,"143":22,"145":22,"153":44,"154":44,"155":44,"156":44,"157":44,"158":44,"159":44,"160":22,"161":22,"162":44,"164":44,"165":44,"167":44},"branchMap":{"0":{"type":"branch","line":25,"loc":{"start":{"line":25,"column":7},"end":{"line":146,"column":1}},"locations":[{"start":{"line":25,"column":7},"end":{"line":146,"column":1}}]},"1":{"type":"branch","line":101,"loc":{"start":{"line":101,"column":13},"end":{"line":101,"column":34}},"locations":[{"start":{"line":101,"column":13},"end":{"line":101,"column":34}}]},"2":{"type":"branch","line":125,"loc":{"start":{"line":125,"column":98},"end":{"line":125,"column":119}},"locations":[{"start":{"line":125,"column":98},"end":{"line":125,"column":119}}]},"3":{"type":"branch","line":127,"loc":{"start":{"line":127,"column":7},"end":{"line":136,"column":14}},"locations":[{"start":{"line":127,"column":7},"end":{"line":136,"column":14}}]},"4":{"type":"branch","line":139,"loc":{"start":{"line":139,"column":7},"end":{"line":142,"column":12}},"locations":[{"start":{"line":139,"column":7},"end":{"line":142,"column":12}}]},"5":{"type":"branch","line":120,"loc":{"start":{"line":120,"column":18},"end":{"line":120,"column":58}},"locations":[{"start":{"line":120,"column":18},"end":{"line":120,"column":58}}]},"6":{"type":"branch","line":154,"loc":{"start":{"line":154,"column":0},"end":{"line":168,"column":1}},"locations":[{"start":{"line":154,"column":0},"end":{"line":168,"column":1}}]},"7":{"type":"branch","line":160,"loc":{"start":{"line":160,"column":8},"end":{"line":161,"column":86}},"locations":[{"start":{"line":160,"column":8},"end":{"line":161,"column":86}}]},"8":{"type":"branch","line":161,"loc":{"start":{"line":161,"column":12},"end":{"line":162,"column":132}},"locations":[{"start":{"line":161,"column":12},"end":{"line":162,"column":132}}]}},"b":{"0":[22],"1":[0],"2":[0],"3":[0],"4":[0],"5":[11],"6":[44],"7":[22],"8":[22]},"fnMap":{"0":{"name":"attachmentMarkdown","decl":{"start":{"line":13,"column":0},"end":{"line":19,"column":1}},"loc":{"start":{"line":13,"column":0},"end":{"line":19,"column":1}},"line":13},"1":{"name":"MarkdownEditor","decl":{"start":{"line":25,"column":7},"end":{"line":146,"column":1}},"loc":{"start":{"line":25,"column":7},"end":{"line":146,"column":1}},"line":25},"2":{"name":"insertAtCursor","decl":{"start":{"line":39,"column":2},"end":{"line":45,"column":3}},"loc":{"start":{"line":39,"column":2},"end":{"line":45,"column":3}},"line":39},"3":{"name":"uploadFiles","decl":{"start":{"line":47,"column":2},"end":{"line":75,"column":3}},"loc":{"start":{"line":47,"column":2},"end":{"line":75,"column":3}},"line":47},"4":{"name":"handleDrop","decl":{"start":{"line":77,"column":2},"end":{"line":83,"column":3}},"loc":{"start":{"line":77,"column":2},"end":{"line":83,"column":3}},"line":77},"5":{"name":"onClick","decl":{"start":{"line":88,"column":46},"end":{"line":88,"column":71}},"loc":{"start":{"line":88,"column":46},"end":{"line":88,"column":71}},"line":88},"6":{"name":"onClick","decl":{"start":{"line":91,"column":45},"end":{"line":91,"column":69}},"loc":{"start":{"line":91,"column":45},"end":{"line":91,"column":69}},"line":91},"7":{"name":"onClick","decl":{"start":{"line":97,"column":21},"end":{"line":97,"column":52}},"loc":{"start":{"line":97,"column":21},"end":{"line":97,"column":52}},"line":97},"8":{"name":"onChange","decl":{"start":{"line":108,"column":22},"end":{"line":112,"column":14}},"loc":{"start":{"line":108,"column":22},"end":{"line":112,"column":14}},"line":108},"9":{"name":"onChange","decl":{"start":{"line":120,"column":18},"end":{"line":120,"column":58}},"loc":{"start":{"line":120,"column":18},"end":{"line":120,"column":58}},"line":120},"10":{"name":"onDragOver","decl":{"start":{"line":122,"column":20},"end":{"line":122,"column":54}},"loc":{"start":{"line":122,"column":20},"end":{"line":122,"column":54}},"line":122},"11":{"name":"TabButton","decl":{"start":{"line":154,"column":0},"end":{"line":168,"column":1}},"loc":{"start":{"line":154,"column":0},"end":{"line":168,"column":1}},"line":154}},"f":{"0":0,"1":22,"2":0,"3":0,"4":0,"5":0,"6":0,"7":0,"8":0,"9":11,"10":0,"11":44}}
,"/Users/felix/Projects/t/web/src/components/OnThisDay.tsx": {"path":"/Users/felix/Projects/t/web/src/components/OnThisDay.tsx","all":false,"statementMap":{"0":{"start":{"line":1,"column":0},"end":{"line":1,"column":40}},"2":{"start":{"line":3,"column":0},"end":{"line":3,"column":43}},"3":{"start":{"line":4,"column":0},"end":{"line":4,"column":39}},"4":{"start":{"line":5,"column":0},"end":{"line":5,"column":38}},"13":{"start":{"line":14,"column":0},"end":{"line":14,"column":63}},"14":{"start":{"line":15,"column":0},"end":{"line":15,"column":29}},"15":{"start":{"line":16,"column":0},"end":{"line":16,"column":16}},"16":{"start":{"line":17,"column":0},"end":{"line":17,"column":3}},"17":{"start":{"line":18,"column":0},"end":{"line":18,"column":10}},"18":{"start":{"line":19,"column":0},"end":{"line":19,"column":81}},"19":{"start":{"line":20,"column":0},"end":{"line":20,"column":75}},"21":{"start":{"line":22,"column":0},"end":{"line":22,"column":11}},"22":{"start":{"line":23,"column":0},"end":{"line":23,"column":37}},"23":{"start":{"line":24,"column":0},"end":{"line":24,"column":32}},"24":{"start":{"line":25,"column":0},"end":{"line":25,"column":28}},"25":{"start":{"line":26,"column":0},"end":{"line":26,"column":17}},"26":{"start":{"line":27,"column":0},"end":{"line":27,"column":40}},"27":{"start":{"line":28,"column":0},"end":{"line":28,"column":282}},"29":{"start":{"line":30,"column":0},"end":{"line":30,"column":47}},"30":{"start":{"line":31,"column":0},"end":{"line":31,"column":55}},"31":{"start":{"line":32,"column":0},"end":{"line":32,"column":21}},"32":{"start":{"line":33,"column":0},"end":{"line":33,"column":61}},"33":{"start":{"line":34,"column":0},"end":{"line":34,"column":51}},"34":{"start":{"line":35,"column":0},"end":{"line":35,"column":19}},"35":{"start":{"line":36,"column":0},"end":{"line":36,"column":15}},"36":{"start":{"line":37,"column":0},"end":{"line":37,"column":11}},"37":{"start":{"line":38,"column":0},"end":{"line":38,"column":11}},"38":{"start":{"line":39,"column":0},"end":{"line":39,"column":14}},"40":{"start":{"line":41,"column":0},"end":{"line":41,"column":1}}},"s":{"0":1,"2":1,"3":1,"4":1,"13":1,"14":8,"15":7,"16":7,"17":1,"18":1,"19":1,"21":1,"22":1,"23":1,"24":1,"25":1,"26":1,"27":1,"29":1,"30":1,"31":1,"32":1,"33":1,"34":1,"35":1,"36":1,"37":1,"38":1,"40":1},"branchMap":{"0":{"type":"branch","line":14,"loc":{"start":{"line":14,"column":7},"end":{"line":41,"column":1}},"locations":[{"start":{"line":14,"column":7},"end":{"line":41,"column":1}}]},"1":{"type":"branch","line":15,"loc":{"start":{"line":15,"column":28},"end":{"line":41,"column":1}},"locations":[{"start":{"line":15,"column":28},"end":{"line":41,"column":1}}]},"2":{"type":"branch","line":17,"loc":{"start":{"line":17,"column":2},"end":{"line":41,"column":1}},"locations":[{"start":{"line":17,"column":2},"end":{"line":41,"column":1}}]},"3":{"type":"branch","line":24,"loc":{"start":{"line":24,"column":21},"end":{"line":36,"column":15}},"locations":[{"start":{"line":24,"column":21},"end":{"line":36,"column":15}}]},"4":{"type":"branch","line":34,"loc":{"start":{"line":34,"column":39},"end":{"line":34,"column":51}},"locations":[{"start":{"line":34,"column":39},"end":{"line":34,"column":51}}]}},"b":{"0":[8],"1":[7],"2":[1],"3":[1],"4":[0]},"fnMap":{"0":{"name":"OnThisDay","decl":{"start":{"line":14,"column":7},"end":{"line":41,"column":1}},"loc":{"start":{"line":14,"column":7},"end":{"line":41,"column":1}},"line":14}},"f":{"0":8}}
,"/Users/felix/Projects/t/web/src/components/QuickCapture.tsx": {"path":"/Users/felix/Projects/t/web/src/components/QuickCapture.tsx","all":false,"statementMap":{"0":{"start":{"line":1,"column":0},"end":{"line":1,"column":52}},"1":{"start":{"line":2,"column":0},"end":{"line":2,"column":40}},"2":{"start":{"line":3,"column":0},"end":{"line":3,"column":73}},"13":{"start":{"line":14,"column":0},"end":{"line":14,"column":64}},"14":{"start":{"line":15,"column":0},"end":{"line":15,"column":42}},"15":{"start":{"line":16,"column":0},"end":{"line":16,"column":39}},"16":{"start":{"line":17,"column":0},"end":{"line":17,"column":42}},"17":{"start":{"line":18,"column":0},"end":{"line":18,"column":41}},"18":{"start":{"line":19,"column":0},"end":{"line":19,"column":56}},"19":{"start":{"line":20,"column":0},"end":{"line":20,"column":49}},"21":{"start":{"line":22,"column":0},"end":{"line":22,"column":19}},"22":{"start":{"line":23,"column":0},"end":{"line":23,"column":42}},"23":{"start":{"line":24,"column":0},"end":{"line":24,"column":80}},"24":{"start":{"line":25,"column":0},"end":{"line":25,"column":31}},"25":{"start":{"line":26,"column":0},"end":{"line":26,"column":35}},"26":{"start":{"line":27,"column":0},"end":{"line":27,"column":42}},"27":{"start":{"line":28,"column":0},"end":{"line":28,"column":23}},"28":{"start":{"line":29,"column":0},"end":{"line":29,"column":7}},"29":{"start":{"line":30,"column":0},"end":{"line":30,"column":5}},"30":{"start":{"line":31,"column":0},"end":{"line":31,"column":46}},"31":{"start":{"line":32,"column":0},"end":{"line":32,"column":62}},"32":{"start":{"line":33,"column":0},"end":{"line":33,"column":9}},"34":{"start":{"line":35,"column":0},"end":{"line":35,"column":19}},"35":{"start":{"line":36,"column":0},"end":{"line":36,"column":15}},"36":{"start":{"line":37,"column":0},"end":{"line":37,"column":35}},"37":{"start":{"line":38,"column":0},"end":{"line":38,"column":5}},"38":{"start":{"line":39,"column":0},"end":{"line":39,"column":13}},"41":{"start":{"line":42,"column":0},"end":{"line":42,"column":72}},"42":{"start":{"line":43,"column":0},"end":{"line":43,"column":52}},"43":{"start":{"line":44,"column":0},"end":{"line":44,"column":13}},"44":{"start":{"line":45,"column":0},"end":{"line":45,"column":5}},"45":{"start":{"line":46,"column":0},"end":{"line":46,"column":70}},"46":{"start":{"line":47,"column":0},"end":{"line":47,"column":90}},"47":{"start":{"line":48,"column":0},"end":{"line":48,"column":6}},"48":{"start":{"line":49,"column":0},"end":{"line":49,"column":33}},"49":{"start":{"line":50,"column":0},"end":{"line":50,"column":13}},"50":{"start":{"line":51,"column":0},"end":{"line":51,"column":5}},"51":{"start":{"line":52,"column":0},"end":{"line":52,"column":31}},"52":{"start":{"line":53,"column":0},"end":{"line":53,"column":49}},"53":{"start":{"line":54,"column":0},"end":{"line":54,"column":61}},"54":{"start":{"line":55,"column":0},"end":{"line":55,"column":29}},"55":{"start":{"line":56,"column":0},"end":{"line":56,"column":19}},"56":{"start":{"line":57,"column":0},"end":{"line":57,"column":68}},"57":{"start":{"line":58,"column":0},"end":{"line":58,"column":29}},"58":{"start":{"line":59,"column":0},"end":{"line":59,"column":20}},"59":{"start":{"line":60,"column":0},"end":{"line":60,"column":5}},"60":{"start":{"line":61,"column":0},"end":{"line":61,"column":3}},"62":{"start":{"line":63,"column":0},"end":{"line":63,"column":27}},"63":{"start":{"line":64,"column":0},"end":{"line":64,"column":23}},"64":{"start":{"line":65,"column":0},"end":{"line":65,"column":25}},"65":{"start":{"line":66,"column":0},"end":{"line":66,"column":13}},"66":{"start":{"line":67,"column":0},"end":{"line":67,"column":5}},"67":{"start":{"line":68,"column":0},"end":{"line":68,"column":18}},"68":{"start":{"line":69,"column":0},"end":{"line":69,"column":17}},"69":{"start":{"line":70,"column":0},"end":{"line":70,"column":9}},"70":{"start":{"line":71,"column":0},"end":{"line":71,"column":28}},"71":{"start":{"line":72,"column":0},"end":{"line":72,"column":18}},"72":{"start":{"line":73,"column":0},"end":{"line":73,"column":21}},"73":{"start":{"line":74,"column":0},"end":{"line":74,"column":21}},"74":{"start":{"line":75,"column":0},"end":{"line":75,"column":64}},"75":{"start":{"line":76,"column":0},"end":{"line":76,"column":15}},"76":{"start":{"line":77,"column":0},"end":{"line":77,"column":21}},"77":{"start":{"line":78,"column":0},"end":{"line":78,"column":5}},"78":{"start":{"line":79,"column":0},"end":{"line":79,"column":3}},"80":{"start":{"line":81,"column":0},"end":{"line":81,"column":10}},"81":{"start":{"line":82,"column":0},"end":{"line":82,"column":6}},"82":{"start":{"line":83,"column":0},"end":{"line":83,"column":13}},"83":{"start":{"line":84,"column":0},"end":{"line":84,"column":21}},"84":{"start":{"line":85,"column":0},"end":{"line":85,"column":50}},"85":{"start":{"line":86,"column":0},"end":{"line":86,"column":23}},"86":{"start":{"line":87,"column":0},"end":{"line":87,"column":30}},"87":{"start":{"line":88,"column":0},"end":{"line":88,"column":387}},"89":{"start":{"line":90,"column":0},"end":{"line":90,"column":79}},"90":{"start":{"line":91,"column":0},"end":{"line":91,"column":15}},"92":{"start":{"line":93,"column":0},"end":{"line":93,"column":15}},"93":{"start":{"line":94,"column":0},"end":{"line":94,"column":44}},"94":{"start":{"line":95,"column":0},"end":{"line":95,"column":17}},"95":{"start":{"line":96,"column":0},"end":{"line":96,"column":25}},"96":{"start":{"line":97,"column":0},"end":{"line":97,"column":29}},"97":{"start":{"line":98,"column":0},"end":{"line":98,"column":42}},"98":{"start":{"line":99,"column":0},"end":{"line":99,"column":104}},"99":{"start":{"line":100,"column":0},"end":{"line":100,"column":12}},"100":{"start":{"line":101,"column":0},"end":{"line":101,"column":14}},"101":{"start":{"line":102,"column":0},"end":{"line":102,"column":27}},"102":{"start":{"line":103,"column":0},"end":{"line":103,"column":25}},"103":{"start":{"line":104,"column":0},"end":{"line":104,"column":29}},"104":{"start":{"line":105,"column":0},"end":{"line":105,"column":27}},"105":{"start":{"line":106,"column":0},"end":{"line":106,"column":39}},"106":{"start":{"line":107,"column":0},"end":{"line":107,"column":239}},"108":{"start":{"line":109,"column":0},"end":{"line":109,"column":39}},"109":{"start":{"line":110,"column":0},"end":{"line":110,"column":23}},"110":{"start":{"line":111,"column":0},"end":{"line":111,"column":33}},"111":{"start":{"line":112,"column":0},"end":{"line":112,"column":28}},"112":{"start":{"line":113,"column":0},"end":{"line":113,"column":65}},"113":{"start":{"line":114,"column":0},"end":{"line":114,"column":39}},"114":{"start":{"line":115,"column":0},"end":{"line":115,"column":22}},"115":{"start":{"line":116,"column":0},"end":{"line":116,"column":55}},"116":{"start":{"line":117,"column":0},"end":{"line":117,"column":41}},"117":{"start":{"line":118,"column":0},"end":{"line":118,"column":21}},"118":{"start":{"line":119,"column":0},"end":{"line":119,"column":43}},"119":{"start":{"line":120,"column":0},"end":{"line":120,"column":34}},"120":{"start":{"line":121,"column":0},"end":{"line":121,"column":19}},"121":{"start":{"line":122,"column":0},"end":{"line":122,"column":18}},"122":{"start":{"line":123,"column":0},"end":{"line":123,"column":24}},"123":{"start":{"line":124,"column":0},"end":{"line":124,"column":36}},"124":{"start":{"line":125,"column":0},"end":{"line":125,"column":41}},"125":{"start":{"line":126,"column":0},"end":{"line":126,"column":16}},"126":{"start":{"line":127,"column":0},"end":{"line":127,"column":24}},"127":{"start":{"line":128,"column":0},"end":{"line":128,"column":70}},"128":{"start":{"line":129,"column":0},"end":{"line":129,"column":25}},"129":{"start":{"line":130,"column":0},"end":{"line":130,"column":20}},"130":{"start":{"line":131,"column":0},"end":{"line":131,"column":23}},"131":{"start":{"line":132,"column":0},"end":{"line":132,"column":98}},"132":{"start":{"line":133,"column":0},"end":{"line":133,"column":21}},"133":{"start":{"line":134,"column":0},"end":{"line":134,"column":24}},"134":{"start":{"line":135,"column":0},"end":{"line":135,"column":48}},"135":{"start":{"line":136,"column":0},"end":{"line":136,"column":57}},"136":{"start":{"line":137,"column":0},"end":{"line":137,"column":17}},"138":{"start":{"line":139,"column":0},"end":{"line":139,"column":23}},"139":{"start":{"line":140,"column":0},"end":{"line":140,"column":23}},"140":{"start":{"line":141,"column":0},"end":{"line":141,"column":31}},"141":{"start":{"line":142,"column":0},"end":{"line":142,"column":34}},"142":{"start":{"line":143,"column":0},"end":{"line":143,"column":33}},"143":{"start":{"line":144,"column":0},"end":{"line":144,"column":70}},"145":{"start":{"line":146,"column":0},"end":{"line":146,"column":40}},"146":{"start":{"line":147,"column":0},"end":{"line":147,"column":25}},"147":{"start":{"line":148,"column":0},"end":{"line":148,"column":20}},"148":{"start":{"line":149,"column":0},"end":{"line":149,"column":18}},"149":{"start":{"line":150,"column":0},"end":{"line":150,"column":16}},"150":{"start":{"line":151,"column":0},"end":{"line":151,"column":14}},"151":{"start":{"line":152,"column":0},"end":{"line":152,"column":15}},"152":{"st
[...]
"end":{"line":208,"column":9}},"locations":[{"start":{"line":201,"column":29},"end":{"line":208,"column":9}}]},"20":{"type":"branch","line":235,"loc":{"start":{"line":235,"column":4},"end":{"line":246,"column":6}},"locations":[{"start":{"line":235,"column":4},"end":{"line":246,"column":6}}]},"21":{"type":"branch","line":236,"loc":{"start":{"line":236,"column":21},"end":{"line":238,"column":7}},"locations":[{"start":{"line":236,"column":21},"end":{"line":238,"column":7}}]},"22":{"type":"branch","line":243,"loc":{"start":{"line":243,"column":6},"end":{"line":245,"column":7}},"locations":[{"start":{"line":243,"column":6},"end":{"line":245,"column":7}}]},"23":{"type":"branch","line":255,"loc":{"start":{"line":255,"column":4},"end":{"line":255,"column":55}},"locations":[{"start":{"line":255,"column":4},"end":{"line":255,"column":55}}]},"24":{"type":"branch","line":255,"loc":{"start":{"line":255,"column":29},"end":{"line":255,"column":53}},"locations":[{"start":{"line":255,"column":29},"end":{"line":255,"column":53}}]},"25":{"type":"branch","line":259,"loc":{"start":{"line":259,"column":4},"end":{"line":259,"column":44}},"locations":[{"start":{"line":259,"column":4},"end":{"line":259,"column":44}}]},"26":{"type":"branch","line":264,"loc":{"start":{"line":264,"column":4},"end":{"line":285,"column":7}},"locations":[{"start":{"line":264,"column":4},"end":{"line":285,"column":7}}]},"27":{"type":"branch","line":311,"loc":{"start":{"line":311,"column":7},"end":{"line":317,"column":1}},"locations":[{"start":{"line":311,"column":7},"end":{"line":317,"column":1}}]},"28":{"type":"branch","line":313,"loc":{"start":{"line":313,"column":14},"end":{"line":315,"column":3}},"locations":[{"start":{"line":313,"column":14},"end":{"line":315,"column":3}}]}},"b":{"0":[13],"1":[4],"2":[4],"3":[7],"4":[4],"5":[3],"6":[3],"7":[3],"8":[3],"9":[0],"10":[1],"11":[1],"12":[1],"13":[0],"14":[1],"15":[2],"16":[2],"17":[1],"18":[0],"19":[0],"20":[1],"21":[0],"22":[0],"23":[10],"24":[3],"25":[12],"26":[13],"27":[16],"28":[0]},"fnMap":{"0":{"name":"AskProvider","decl":{"start":{"line":57,"column":7},"end":{"line":309,"column":1}},"loc":{"start":{"line":57,"column":7},"end":{"line":309,"column":1}},"line":57},"1":{"name":"onStart","decl":{"start":{"line":164,"column":21},"end":{"line":170,"column":14}},"loc":{"start":{"line":164,"column":21},"end":{"line":170,"column":14}},"line":164},"2":{"name":"onDelta","decl":{"start":{"line":171,"column":21},"end":{"line":171,"column":68}},"loc":{"start":{"line":171,"column":21},"end":{"line":171,"column":68}},"line":171},"3":{"name":"onError","decl":{"start":{"line":172,"column":21},"end":{"line":172,"column":52}},"loc":{"start":{"line":172,"column":21},"end":{"line":172,"column":52}},"line":172},"4":{"name":"useAsk","decl":{"start":{"line":311,"column":7},"end":{"line":317,"column":1}},"loc":{"start":{"line":311,"column":7},"end":{"line":317,"column":1}},"line":311}},"f":{"0":13,"1":1,"2":2,"3":0,"4":16}}
,"/Users/felix/Projects/t/web/src/state/MemosContext.tsx": {"path":"/Users/felix/Projects/t/web/src/state/MemosContext.tsx","all":false,"statementMap":{"0":{"start":{"line":1,"column":0},"end":{"line":1,"column":8}},"10":{"start":{"line":11,"column":0},"end":{"line":11,"column":8}},"24":{"start":{"line":25,"column":0},"end":{"line":25,"column":53}},"53":{"start":{"line":54,"column":0},"end":{"line":54,"column":67}},"55":{"start":{"line":56,"column":0},"end":{"line":56,"column":31}},"56":{"start":{"line":57,"column":0},"end":{"line":57,"column":8}},"57":{"start":{"line":58,"column":0},"end":{"line":58,"column":11}},"58":{"start":{"line":59,"column":0},"end":{"line":59,"column":4}},"61":{"start":{"line":62,"column":0},"end":{"line":62,"column":4}},"62":{"start":{"line":63,"column":0},"end":{"line":63,"column":49}},"63":{"start":{"line":64,"column":0},"end":{"line":64,"column":47}},"64":{"start":{"line":65,"column":0},"end":{"line":65,"column":41}},"65":{"start":{"line":66,"column":0},"end":{"line":66,"column":73}},"68":{"start":{"line":69,"column":0},"end":{"line":69,"column":31}},"70":{"start":{"line":71,"column":0},"end":{"line":71,"column":43}},"71":{"start":{"line":72,"column":0},"end":{"line":72,"column":37}},"72":{"start":{"line":73,"column":0},"end":{"line":73,"column":21}},"73":{"start":{"line":74,"column":0},"end":{"line":74,"column":9}},"74":{"start":{"line":75,"column":0},"end":{"line":75,"column":41}},"75":{"start":{"line":76,"column":0},"end":{"line":76,"column":39}},"76":{"start":{"line":77,"column":0},"end":{"line":77,"column":15}},"77":{"start":{"line":78,"column":0},"end":{"line":78,"column":7}},"78":{"start":{"line":79,"column":0},"end":{"line":79,"column":37}},"79":{"start":{"line":80,"column":0},"end":{"line":80,"column":19}},"80":{"start":{"line":81,"column":0},"end":{"line":81,"column":19}},"81":{"start":{"line":82,"column":0},"end":{"line":82,"column":39}},"82":{"start":{"line":83,"column":0},"end":{"line":83,"column":15}},"83":{"start":{"line":84,"column":0},"end":{"line":84,"column":7}},"84":{"start":{"line":85,"column":0},"end":{"line":85,"column":62}},"85":{"start":{"line":86,"column":0},"end":{"line":86,"column":15}},"86":{"start":{"line":87,"column":0},"end":{"line":87,"column":39}},"87":{"start":{"line":88,"column":0},"end":{"line":88,"column":26}},"88":{"start":{"line":89,"column":0},"end":{"line":89,"column":7}},"89":{"start":{"line":90,"column":0},"end":{"line":90,"column":5}},"90":{"start":{"line":91,"column":0},"end":{"line":91,"column":14}},"92":{"start":{"line":93,"column":0},"end":{"line":93,"column":19}},"93":{"start":{"line":94,"column":0},"end":{"line":94,"column":19}},"94":{"start":{"line":95,"column":0},"end":{"line":95,"column":16}},"96":{"start":{"line":97,"column":0},"end":{"line":97,"column":45}},"97":{"start":{"line":98,"column":0},"end":{"line":98,"column":64}},"98":{"start":{"line":99,"column":0},"end":{"line":99,"column":16}},"99":{"start":{"line":100,"column":0},"end":{"line":100,"column":9}},"101":{"start":{"line":102,"column":0},"end":{"line":102,"column":30}},"102":{"start":{"line":103,"column":0},"end":{"line":103,"column":57}},"103":{"start":{"line":104,"column":0},"end":{"line":104,"column":12}},"104":{"start":{"line":105,"column":0},"end":{"line":105,"column":4}},"106":{"start":{"line":107,"column":0},"end":{"line":107,"column":32}},"107":{"start":{"line":108,"column":0},"end":{"line":108,"column":27}},"110":{"start":{"line":111,"column":0},"end":{"line":111,"column":46}},"111":{"start":{"line":112,"column":0},"end":{"line":112,"column":19}},"112":{"start":{"line":113,"column":0},"end":{"line":113,"column":26}},"113":{"start":{"line":114,"column":0},"end":{"line":114,"column":62}},"114":{"start":{"line":115,"column":0},"end":{"line":115,"column":7}},"115":{"start":{"line":116,"column":0},"end":{"line":116,"column":29}},"116":{"start":{"line":117,"column":0},"end":{"line":117,"column":6}},"117":{"start":{"line":118,"column":0},"end":{"line":118,"column":19}},"118":{"start":{"line":119,"column":0},"end":{"line":119,"column":4}},"120":{"start":{"line":121,"column":0},"end":{"line":121,"column":29}},"121":{"start":{"line":122,"column":0},"end":{"line":122,"column":62}},"122":{"start":{"line":123,"column":0},"end":{"line":123,"column":48}},"123":{"start":{"line":124,"column":0},"end":{"line":124,"column":29}},"124":{"start":{"line":125,"column":0},"end":{"line":125,"column":6}},"125":{"start":{"line":126,"column":0},"end":{"line":126,"column":19}},"126":{"start":{"line":127,"column":0},"end":{"line":127,"column":4}},"128":{"start":{"line":129,"column":0},"end":{"line":129,"column":29}},"129":{"start":{"line":130,"column":0},"end":{"line":130,"column":76}},"130":{"start":{"line":131,"column":0},"end":{"line":131,"column":54}},"131":{"start":{"line":132,"column":0},"end":{"line":132,"column":29}},"132":{"start":{"line":133,"column":0},"end":{"line":133,"column":6}},"133":{"start":{"line":134,"column":0},"end":{"line":134,"column":19}},"134":{"start":{"line":135,"column":0},"end":{"line":135,"column":4}},"136":{"start":{"line":137,"column":0},"end":{"line":137,"column":32}},"137":{"start":{"line":138,"column":0},"end":{"line":138,"column":44}},"138":{"start":{"line":139,"column":0},"end":{"line":139,"column":58}},"139":{"start":{"line":140,"column":0},"end":{"line":140,"column":29}},"140":{"start":{"line":141,"column":0},"end":{"line":141,"column":6}},"141":{"start":{"line":142,"column":0},"end":{"line":142,"column":19}},"142":{"start":{"line":143,"column":0},"end":{"line":143,"column":4}},"144":{"start":{"line":145,"column":0},"end":{"line":145,"column":34}},"145":{"start":{"line":146,"column":0},"end":{"line":146,"column":46}},"146":{"start":{"line":147,"column":0},"end":{"line":147,"column":62}},"147":{"start":{"line":148,"column":0},"end":{"line":148,"column":29}},"148":{"start":{"line":149,"column":0},"end":{"line":149,"column":6}},"149":{"start":{"line":150,"column":0},"end":{"line":150,"column":19}},"150":{"start":{"line":151,"column":0},"end":{"line":151,"column":4}},"152":{"start":{"line":153,"column":0},"end":{"line":153,"column":29}},"153":{"start":{"line":154,"column":0},"end":{"line":154,"column":27}},"154":{"start":{"line":155,"column":0},"end":{"line":155,"column":35}},"155":{"start":{"line":156,"column":0},"end":{"line":156,"column":75}},"156":{"start":{"line":157,"column":0},"end":{"line":157,"column":6}},"157":{"start":{"line":158,"column":0},"end":{"line":158,"column":12}},"158":{"start":{"line":159,"column":0},"end":{"line":159,"column":4}},"160":{"start":{"line":161,"column":0},"end":{"line":161,"column":32}},"161":{"start":{"line":162,"column":0},"end":{"line":162,"column":27}},"162":{"start":{"line":163,"column":0},"end":{"line":163,"column":48}},"163":{"start":{"line":164,"column":0},"end":{"line":164,"column":69}},"164":{"start":{"line":165,"column":0},"end":{"line":165,"column":20}},"165":{"start":{"line":166,"column":0},"end":{"line":166,"column":6}},"166":{"start":{"line":167,"column":0},"end":{"line":167,"column":12}},"167":{"start":{"line":168,"column":0},"end":{"line":168,"column":4}},"171":{"start":{"line":172,"column":0},"end":{"line":172,"column":29}},"172":{"start":{"line":173,"column":0},"end":{"line":173,"column":30}},"173":{"start":{"line":174,"column":0},"end":{"line":174,"column":48}},"174":{"start":{"line":175,"column":0},"end":{"line":175,"column":34}},"175":{"start":{"line":176,"column":0},"end":{"line":176,"column":6}},"176":{"start":{"line":177,"column":0},"end":{"line":177,"column":12}},"177":{"start":{"line":178,"column":0},"end":{"line":178,"column":4}},"179":{"start":{"line":180,"column":0},"end":{"line":180,"column":29}},"180":{"start":{"line":181,"column":0},"end":{"line":181,"column":56}},"181":{"start":{"line":182,"column":0},"end":{"line":182,"column":54}},"182":{"start":{"line":183,"column":0},"end":{"line":183,"column":14}},"183":{"start":{"line":184,"column":0},"end":{"line":184,"column":32}},"184":{"start":{"line":185,"column":0},"end":{"line":185,"column":42}},"185":{"start":{"line":186,"column":0},"end":{"line":186,"column":65}},"186":{"start":{"line":187,"column":0},"end":{"line":187,"column":8}},"187":{"start":{"line":188,"column":0},"end":{"line":188,"column":6}},"188":{"start":{"line":189,"column":0},"end":{"line":189,"column":12}},"189":{"start":{"line":190,"column":0},"end":{"line":190,"column":4}},"191":{"start":{"line":192,"column":0},"end":{"line":192,"column":43}},"192":{"start":{"line":193,"column":0},"end":{"line":193,"column":12}},"193":{"start":{"line":194,"column":0},"end":{"line":194,"column":12}},"194":{"start":{"line":195,"column":0},"end":{"line":195,"column":14}},"195":{"start":{"line":196,"column":0},"end":{"line":196,"column":12}},"196":{"start":{"line":197,"column":0},"end":{"line":197,"column":16}},"197":{"start":{"line":198,"column":0},"end":{"line":198,"column":14}},"198":{"start":{"line":199,"column":0},"end":{"line":199,"column":14}},"199":{"start":{"line":200,"column":0},"end":{"line":200,"column":16}},"200":{"start":{"line":201,"column":0},"end":{"line":201,"column":13}},"201":{"start":{"line":202,"column":0},"end":{"line":202,"column":13}},"202":{"start":{"line":203,"column":0},"end":{"line":203,"column":16}},"203":{"start":{"line":204,"column":0},"end":{"line":204,"column":18}},"204":{"start":{"line":205,"column":0},"end":{"line":205,"column":13}},"205":{"start":{"line":206,"column":0},"end":{"line":206,"column":16}},"206":{"start":{"line":207,"column":0},"end":{"line":207,"column":13}},"207":{"start":{"line":208,"column":0},"end":{"line":208,"column":13}},"208":{"start":{"line":209,"column":0},"end":{"line":209,"column":7}},"209":{"start":{"line":210,"column":0},"end":{"line":210,"column":5}},"210":{"start":{"line":211,"column":0},"end":{"line":211,"column":12}},"211":{"start":{"line":212,"column":0},"end":{"line":212,"column":14}},"212":{"start":{"line":213,"column":0},"end":{"line":213,"column":12}},"213":{"start":{"line":214,"column":0},"end":{"line":214,"column":16}},"214":{"start":{"line":215,"column":0},"end":{"line":215,"column":14}},"215":{"start":{"line":216,"column":0},"end":{"line":216,"column":14}},"216":{"start":{"line":217,"column":0},"end":{"line":217,"column":16}},"217":{"start":{"line":218,"column":0},"end":{"line":218,"column":13}},"218":{"start":{"line":219,"column":0},"end":{"line":219,"column":13}},"219":{"start":{"line":220,"column":0},"end":{"line":220,"column":16}},"220":{"start":{"line":221,"column":0},"end":{"line":221,"column":18}},"221":{"start":{"line":222,"column":0},"end":{"line":222,"column":13}},"222":{"start":{"line":223,"column":0},"end":{"line":223,"column":16}},"223":{"start":{"line":224,"column":0},"end":{"line":224,"column":13}},"224":{"start":{"line":225,"column":0},"end":{"line":225,"column":13}},"225":{"start":{"line":226,"column":0},"end":{"line":226,"column":6}},"226":{"start":{"line":227,"column":0},"end":{"line":227,"column":4}},"228":{"start":{"line":229,"column":0},"end":{"line":229,"column":10}},"229":{"start":{"line":230,"column":0},"end":{"line":230,"column":75}},"231":{"start":{"line":232,"column":0},"end":{"line":232,"column":1}},"233":{"start":{"line":234,"column":0},"end":{"line":234,"column":47}},"234":{"start":{"line":235,"column":0},"end":{"line":235,"column":41}},"235":{"start":{"line":236,"column":0},"end":{"line":236,"column":15}},"236":{"start":{"line":237,"column":0},"end":{"line":237,"column":68}},"237":{"start":{"line":238,"column":0},"end":{"line":238,"column":3}},"238":{"start":{"line":239,"column":0},"end":{"line":239,"column":15}},"239":{"start":{"line":240,"column":0},"end":{"line":240,"column":1}}},"s":{"0":1,"10":1,"24":1,"53":1,"55":1,"56":21,"57":21,"58":21,"61":21,"62":21,"63":21,"64":21,"65":21,"68":21,"70":21,"71":10,"72":10,"73":10,"74":10,"75":10,"76":0,"77":0,"78":10,"79":10,"80":10,"81":0,"82":0,"83":0,"84":0,"85":10,"86":10,"87":10,"88":10,"89":10,"90":21,"92":21,"93":10,"94":21,"96":21,"97":2,"98":2,"99":21,"101":21,"102":21,"103":21,"104":21,"106":21,"107":21,"110":2,"111":1,"112":1,"113":1,"114":1,"115":1,"116":2,"117":21,"118":21,"120":21,"121":21,"122":1,"123":1,"124":1,"125":21,"126":21,"128":21,"129":21,"130":0,"131":0,"132":0,"133":21,"134":21,"136":21,"137":21,"138":0,"139":0,"140":0,"141":21,"142":21,"144":21,"145":21,"146":0,"147":0,"148":0,"149":21,"150":21,"152":21,"153":21,"154":0,"155":0,"156":0,"157":21,"158":21,"160":21,"161":21,"162":1,"163":1,"164":1,"165":1,"166":21,"167":21,"171":21,"172":21,"173":1,"174":1,"175":1,"176":21,"177":21,"179":21,"180":21,"181":0,"182":0,"183":0,"184":0,"185":0,"186":0,"187":0,"188":21,"189":21,"191":21,"192":21,"193":21,"194":21,"195":21,"196":21,"197":21,"198":21,"199":21,"200":21,"201":21,"202":21,"203":21,"204":21,"205":21,"206":21,"207":21,"208":21,"209":21,"210":21,"211":21,"212":21,"213":21,"214":21,"215":21,"216":21,"217":21,"218":21,"219":21,"220":21,"221":21,"222":21,"223":21,"224":21,"225":21,"226":21,"228":21,"229":21,"231":21,"233":1,"234":32,"235":32,"236":0,"237":0,"238":32,"239":32},"branchMap":{"0":{"type":"branch","line":56,"loc":{"start":{"line":56,"column":7},"end":{"line":232,"column":1}},"locations":[{"start":{"line":56,"column":7},"end":{"line":232,"column":1}}]},"1":{"type":"branch","line":71,"loc":{"start":{"line":71,"column":30},"end":{"line":91,"column":5}},"locations":[{"start":{"line":71,"column":30},"end":{"line":91,"column":5}}]},"2":{"type":"branch","line":76,"loc":{"start":{"line":76,"column":38},"end":{"line":78,"column":7}},"locations":[{"start":{"line":76,"column":38},"end":{"line":78,"column":7}}]},"3":{"type":"branch","line":81,"loc":{"start":{"line":81,"column":4},"end":{"line":86,"column":6}},"locations":[{"start":{"line":81,"column":4},"end":{"line":86,"column":6}}]},"4":{"type":"branch","line":93,"loc":{"start":{"line":93,"column":12},"end":{"line":95,"column":5}},"locations":[{"start":{"line":93,"column":12},"end":{"line":95,"column":5}}]},"5":{"type":"branch","line":97,"loc":{"start":{"line":97,"column":28},"end":{"line":100,"column":5}},"locations":[{"start":{"line":97,"column":28},"end":{"line":100,"column":5}}]},"6":{"type":"branch","line":98,"loc":{"start":{"line":98,"column":13},"end":{"line":98,"column":62}},"locations":[{"start":{"line":98,"column":13},"end":{"line":98,"column":62}}]},"7":{"type":"branch","line":103,"loc":{"start":{"line":103,"column":4},"end":{"line":103,"column":57}},"locations":[{"start":{"line":103,"column":4},"end":{"line":103,"column":57}}]},"8":{"type":"branch","line":103,"loc":{"start":{"line":103,"column":31},"end":{"line":103,"column":55}},"locations":[{"start":{"line":103,"column":31},"end":{"line":103,"column":55}}]},"9":{"type":"branch","line":108,"loc":{"start":{"line":108,"column":4},"end":{"line":117,"column":6}},"locations":[{"start":{"line":108,"column":4},"end":{"line":117,"column":6}}]},"10":{"type":"branch","line":111,"loc":{"start":{"line":111,"column":44},"end":{"line":116,"column":29}},"locations":[{"start":{"line":111,"column":44},"end":{"line":116,"column":29}}]},"11":{"type":"branch","line":114,"loc":{"start":{"line":114,"column":21},"end":{"line":114,"column":60}},"locations":[{"start":{"line":114,"column":21},"end":{"line":114,"column":60}}]},"12":{"type":"branch","line":122,"loc":{"start":{"line":122,"column":4},"end":{"line":125,"column":6}},"locations":[{"start":{"line":122,"column":4},"end":{"line":125,"column":6}}]},"13":{"type":"branch","line":162,"loc":{"start":{"line":162,"column":4},"end":{"line":166,"column":6}},"locations":[{"start":{"line":162,"column":4},"end":{"line":166,"column":6}}]},"14":{"type":"branch","line":164,"loc":{"start":{"line":164,"column":19},"end":{"line":164,"column":67}},"locations":[{"start":{"line":164,"column":19},"end":{"line":164,"column":67}}]},"15":{"type":"branch","line":173,"loc":{"start":{"line":173,"column":4},"end":{"line":176,"column":6}},"locations":[{"start":{"line":173,"column":4},"end":{"line":176,"column":6}}]},"16":{"type":"branch","line":193,"loc":{"start":{"line":193,"column":4},"end":{"line":209,"column":7}},"locations":[{"start":{"line":193,"column":4},"end":{"line":209,"column":7}}]},"17":{"type":"branch","line":234,"loc":{"start":{"line":234,"column":7},"end":{"line":240,"column":1}},"locations":[{"start":{"line":234,"column":7},"end":{"line":240,"column":1}}]},"18":{"type":"branch","line":236,"loc":{"start":{"line":236,"column":14},"end":{"line":238,"column":3}},"locations":[{"start":{"line":236,"column":14},"end":{"line":238,"column":3}}]}},"b":{"0":[21],"1":[10],"2":[0],"3":[0],"4":[10],"5":[2],"6":[2],"7":[6],"8":[4],"9":[2],"10":[1],"11":[1],"12":[1],"13":[1],"14":[1],"15":[1],"16":[21],"17":[32],"18":[0]},"fnMap":{"0":{"name":"MemosProvider","decl":{"start":{"line":56,"column":7},"end":{"line":232,"column":1}},"loc":{"start":{"line":56,"column":7},"end":{"line":232,"column":1}},"line":56},"1":{"name":"useMemos","decl":{"start":{"line":234,"column":7},"end":{"line":240,"column":1}},"loc":{"start":{"line":234,"column":7},"end":{"line":240,"column":1}},"line":234}},"f":{"0":21,"1":32}}
}
